2024-11-28 21:00:27,884 - INFO - Pasta 'fotos_historicas_pitangui' criada
2024-11-28 21:01:03,865 - INFO - Processo concluído. 0 fotos encontradas e salvas.
2024-11-28 21:01:46,399 - INFO - Processo concluído. 0 fotos encontradas e salvas.
2024-11-28 21:03:45,751 - INFO - Processo concluído. 0 fotos encontradas e salvas.
2024-11-28 21:05:17,004 - INFO - Chrome driver initialized
2024-11-28 21:05:17,008 - INFO - Searching: https://www.google.com/search?q=fotos+antigas+Pitangui+Minas+Gerais&tbm=isch
2024-11-28 21:05:26,414 - INFO - Found 0 images for query: fotos antigas Pitangui Minas Gerais
2024-11-28 21:05:26,414 - INFO - Searching: https://www.google.com/search?q=Pitangui+MG+história+fotografias&tbm=isch
2024-11-28 21:05:35,719 - INFO - Found 0 images for query: Pitangui MG história fotografias
2024-11-28 21:05:35,720 - INFO - Searching: https://www.google.com/search?q=Pitangui+século+XX+fotos&tbm=isch
2024-11-28 21:05:44,913 - INFO - Found 0 images for query: Pitangui século XX fotos
2024-11-28 21:05:44,913 - INFO - Searching: https://www.google.com/search?q=imagens+históricas+Pitangui&tbm=isch
2024-11-28 21:05:53,190 - INFO - Found 0 images for query: imagens históricas Pitangui
2024-11-28 21:05:53,191 - INFO - Metadata saved to fotos_historicas_pitangui/metadata.json
2024-11-28 21:05:53,191 - INFO - Process completed. 0 photos found and saved.
2024-11-28 21:05:53,376 - INFO - Browser closed
2024-11-28 21:08:05,747 - INFO - Chrome driver initialized
2024-11-28 21:08:05,748 - INFO - Searching: https://www.google.com/search?q=fotos+antigas+Pitangui+Minas+Gerais&tbm=isch
2024-11-28 21:08:14,951 - INFO - Found 0 images for query: fotos antigas Pitangui Minas Gerais
2024-11-28 21:08:14,951 - INFO - Searching: https://www.google.com/search?q=Pitangui+MG+história+fotografias&tbm=isch
2024-11-28 21:08:24,267 - INFO - Found 0 images for query: Pitangui MG história fotografias
2024-11-28 21:08:24,267 - INFO - Searching: https://www.google.com/search?q=Pitangui+século+XX+fotos&tbm=isch
2024-11-28 21:08:33,580 - INFO - Found 0 images for query: Pitangui século XX fotos
2024-11-28 21:08:33,580 - INFO - Searching: https://www.google.com/search?q=imagens+históricas+Pitangui&tbm=isch
2024-11-28 21:08:41,841 - INFO - Found 0 images for query: imagens históricas Pitangui
2024-11-28 21:08:41,841 - INFO - Metadata saved to fotos_historicas_pitangui/metadata.json
2024-11-28 21:08:41,842 - INFO - Process completed. 0 photos found and saved.
2024-11-28 21:08:42,182 - INFO - Browser closed
2024-11-28 21:12:52,854 - INFO - Chrome driver initialized
2024-11-28 21:12:52,855 - INFO - Searching: https://www.google.com/search?q=fotos+antigas+Pitangui+Minas+Gerais&tbm=isch
2024-11-28 21:13:03,829 - INFO - Found 0 images for query: fotos antigas Pitangui Minas Gerais
2024-11-28 21:13:03,830 - INFO - Searching: https://www.google.com/search?q=Pitangui+MG+história+fotografias&tbm=isch
2024-11-28 21:13:14,413 - INFO - Found 0 images for query: Pitangui MG história fotografias
2024-11-28 21:13:14,414 - INFO - Searching: https://www.google.com/search?q=Pitangui+século+XX+fotos&tbm=isch
2024-11-28 21:13:25,810 - INFO - Found 0 images for query: Pitangui século XX fotos
2024-11-28 21:13:25,811 - INFO - Searching: https://www.google.com/search?q=imagens+históricas+Pitangui&tbm=isch
2024-11-28 21:13:36,051 - INFO - Found 0 images for query: imagens históricas Pitangui
2024-11-28 21:13:36,052 - INFO - Metadata saved to fotos_historicas_pitangui/metadata.json
2024-11-28 21:13:36,052 - INFO - Process completed. 0 photos found and saved.
2024-11-28 21:13:36,234 - INFO - Browser closed
2024-11-28 21:16:55,181 - INFO - Chrome driver initialized
2024-11-28 21:16:59,554 - INFO - Found 0 images
2024-11-28 21:16:59,554 - INFO - Saved metadata for 0 images
