2024-11-28 17:39:00,380 - ERROR - Erro ao processar página: Message: 
Stacktrace:
0   chromedriver                        0x000000010475fac4 cxxbridge1$str$ptr + 3651580
1   chromedriver                        0x0000000104758314 cxxbridge1$str$ptr + 3620940
2   chromedriver                        0x00000001041c04b4 cxxbridge1$string$len + 89224
3   chromedriver                        0x0000000104204898 cxxbridge1$string$len + 368748
4   chromedriver                        0x000000010423e0fc cxxbridge1$string$len + 604368
5   chromedriver                        0x00000001041f90b0 cxxbridge1$string$len + 321668
6   chromedriver                        0x00000001041f9d00 cxxbridge1$string$len + 324820
7   chromedriver                        0x000000010472ae08 cxxbridge1$str$ptr + 3435328
8   chromedriver                        0x000000010472e120 cxxbridge1$str$ptr + 3448408
9   chromedriver                        0x000000010471217c cxxbridge1$str$ptr + 3333812
10  chromedriver                        0x000000010472e9e0 cxxbridge1$str$ptr + 3450648
11  chromedriver                        0x0000000104703988 cxxbridge1$str$ptr + 3274432
12  chromedriver                        0x00000001047490f4 cxxbridge1$str$ptr + 3558956
13  chromedriver                        0x0000000104749270 cxxbridge1$str$ptr + 3559336
14  chromedriver                        0x0000000104757f88 cxxbridge1$str$ptr + 3620032
15  libsystem_pthread.dylib             0x000000018c7632e4 _pthread_start + 136
16  libsystem_pthread.dylib             0x000000018c75e0fc thread_start + 8

2024-11-28 17:39:00,471 - INFO - Processo concluído. 0 fotos encontradas e salvas.
2024-11-28 17:42:01,555 - ERROR - Erro ao processar página: Message: 
Stacktrace:
0   chromedriver                        0x0000000105163ac4 cxxbridge1$str$ptr + 3651580
1   chromedriver                        0x000000010515c314 cxxbridge1$str$ptr + 3620940
2   chromedriver                        0x0000000104bc44b4 cxxbridge1$string$len + 89224
3   chromedriver                        0x0000000104c08898 cxxbridge1$string$len + 368748
4   chromedriver                        0x0000000104c420fc cxxbridge1$string$len + 604368
5   chromedriver                        0x0000000104bfd0b0 cxxbridge1$string$len + 321668
6   chromedriver                        0x0000000104bfdd00 cxxbridge1$string$len + 324820
7   chromedriver                        0x000000010512ee08 cxxbridge1$str$ptr + 3435328
8   chromedriver                        0x0000000105132120 cxxbridge1$str$ptr + 3448408
9   chromedriver                        0x000000010511617c cxxbridge1$str$ptr + 3333812
10  chromedriver                        0x00000001051329e0 cxxbridge1$str$ptr + 3450648
11  chromedriver                        0x0000000105107988 cxxbridge1$str$ptr + 3274432
12  chromedriver                        0x000000010514d0f4 cxxbridge1$str$ptr + 3558956
13  chromedriver                        0x000000010514d270 cxxbridge1$str$ptr + 3559336
14  chromedriver                        0x000000010515bf88 cxxbridge1$str$ptr + 3620032
15  libsystem_pthread.dylib             0x000000018c7632e4 _pthread_start + 136
16  libsystem_pthread.dylib             0x000000018c75e0fc thread_start + 8

2024-11-28 17:42:01,647 - INFO - Processo concluído. 0 fotos encontradas e salvas.
2024-11-28 17:42:31,119 - ERROR - Erro ao processar página: Message: 
Stacktrace:
0   chromedriver                        0x0000000103553ac4 cxxbridge1$str$ptr + 3651580
1   chromedriver                        0x000000010354c314 cxxbridge1$str$ptr + 3620940
2   chromedriver                        0x0000000102fb44b4 cxxbridge1$string$len + 89224
3   chromedriver                        0x0000000102ff8898 cxxbridge1$string$len + 368748
4   chromedriver                        0x00000001030320fc cxxbridge1$string$len + 604368
5   chromedriver                        0x0000000102fed0b0 cxxbridge1$string$len + 321668
6   chromedriver                        0x0000000102fedd00 cxxbridge1$string$len + 324820
7   chromedriver                        0x000000010351ee08 cxxbridge1$str$ptr + 3435328
8   chromedriver                        0x0000000103522120 cxxbridge1$str$ptr + 3448408
9   chromedriver                        0x000000010350617c cxxbridge1$str$ptr + 3333812
10  chromedriver                        0x00000001035229e0 cxxbridge1$str$ptr + 3450648
11  chromedriver                        0x00000001034f7988 cxxbridge1$str$ptr + 3274432
12  chromedriver                        0x000000010353d0f4 cxxbridge1$str$ptr + 3558956
13  chromedriver                        0x000000010353d270 cxxbridge1$str$ptr + 3559336
14  chromedriver                        0x000000010354bf88 cxxbridge1$str$ptr + 3620032
15  libsystem_pthread.dylib             0x000000018c7632e4 _pthread_start + 136
16  libsystem_pthread.dylib             0x000000018c75e0fc thread_start + 8

2024-11-28 17:42:31,223 - INFO - Processo concluído. 0 fotos encontradas e salvas.
2024-11-28 19:29:26,464 - ERROR - Erro ao processar página: Message: 
Stacktrace:
0   chromedriver                        0x0000000105453ac4 cxxbridge1$str$ptr + 3651580
1   chromedriver                        0x000000010544c314 cxxbridge1$str$ptr + 3620940
2   chromedriver                        0x0000000104eb44b4 cxxbridge1$string$len + 89224
3   chromedriver                        0x0000000104ef8898 cxxbridge1$string$len + 368748
4   chromedriver                        0x0000000104f320fc cxxbridge1$string$len + 604368
5   chromedriver                        0x0000000104eed0b0 cxxbridge1$string$len + 321668
6   chromedriver                        0x0000000104eedd00 cxxbridge1$string$len + 324820
7   chromedriver                        0x000000010541ee08 cxxbridge1$str$ptr + 3435328
8   chromedriver                        0x0000000105422120 cxxbridge1$str$ptr + 3448408
9   chromedriver                        0x000000010540617c cxxbridge1$str$ptr + 3333812
10  chromedriver                        0x00000001054229e0 cxxbridge1$str$ptr + 3450648
11  chromedriver                        0x00000001053f7988 cxxbridge1$str$ptr + 3274432
12  chromedriver                        0x000000010543d0f4 cxxbridge1$str$ptr + 3558956
13  chromedriver                        0x000000010543d270 cxxbridge1$str$ptr + 3559336
14  chromedriver                        0x000000010544bf88 cxxbridge1$str$ptr + 3620032
15  libsystem_pthread.dylib             0x0000000187d7b2e4 _pthread_start + 136
16  libsystem_pthread.dylib             0x0000000187d760fc thread_start + 8

2024-11-28 19:29:26,556 - INFO - Processo concluído. 0 fotos encontradas e salvas.
2024-11-28 19:32:56,775 - ERROR - Erro ao processar página: Message: 
Stacktrace:
0   chromedriver                        0x0000000100eb3ac4 cxxbridge1$str$ptr + 3651580
1   chromedriver                        0x0000000100eac314 cxxbridge1$str$ptr + 3620940
2   chromedriver                        0x00000001009144b4 cxxbridge1$string$len + 89224
3   chromedriver                        0x0000000100958898 cxxbridge1$string$len + 368748
4   chromedriver                        0x00000001009920fc cxxbridge1$string$len + 604368
5   chromedriver                        0x000000010094d0b0 cxxbridge1$string$len + 321668
6   chromedriver                        0x000000010094dd00 cxxbridge1$string$len + 324820
7   chromedriver                        0x0000000100e7ee08 cxxbridge1$str$ptr + 3435328
8   chromedriver                        0x0000000100e82120 cxxbridge1$str$ptr + 3448408
9   chromedriver                        0x0000000100e6617c cxxbridge1$str$ptr + 3333812
10  chromedriver                        0x0000000100e829e0 cxxbridge1$str$ptr + 3450648
11  chromedriver                        0x0000000100e57988 cxxbridge1$str$ptr + 3274432
12  chromedriver                        0x0000000100e9d0f4 cxxbridge1$str$ptr + 3558956
13  chromedriver                        0x0000000100e9d270 cxxbridge1$str$ptr + 3559336
14  chromedriver                        0x0000000100eabf88 cxxbridge1$str$ptr + 3620032
15  libsystem_pthread.dylib             0x0000000187d7b2e4 _pthread_start + 136
16  libsystem_pthread.dylib             0x0000000187d760fc thread_start + 8

2024-11-28 19:32:56,873 - INFO - Processo concluído. 0 fotos encontradas e salvas.
2024-11-28 19:35:08,308 - ERROR - Erro ao processar página: Message: 
Stacktrace:
0   chromedriver                        0x00000001049bfac4 cxxbridge1$str$ptr + 3651580
1   chromedriver                        0x00000001049b8314 cxxbridge1$str$ptr + 3620940
2   chromedriver                        0x00000001044204b4 cxxbridge1$string$len + 89224
3   chromedriver                        0x0000000104464898 cxxbridge1$string$len + 368748
4   chromedriver                        0x000000010449e0fc cxxbridge1$string$len + 604368
5   chromedriver                        0x00000001044590b0 cxxbridge1$string$len + 321668
6   chromedriver                        0x0000000104459d00 cxxbridge1$string$len + 324820
7   chromedriver                        0x000000010498ae08 cxxbridge1$str$ptr + 3435328
8   chromedriver                        0x000000010498e120 cxxbridge1$str$ptr + 3448408
9   chromedriver                        0x000000010497217c cxxbridge1$str$ptr + 3333812
10  chromedriver                        0x000000010498e9e0 cxxbridge1$str$ptr + 3450648
11  chromedriver                        0x0000000104963988 cxxbridge1$str$ptr + 3274432
12  chromedriver                        0x00000001049a90f4 cxxbridge1$str$ptr + 3558956
13  chromedriver                        0x00000001049a9270 cxxbridge1$str$ptr + 3559336
14  chromedriver                        0x00000001049b7f88 cxxbridge1$str$ptr + 3620032
15  libsystem_pthread.dylib             0x0000000187d7b2e4 _pthread_start + 136
16  libsystem_pthread.dylib             0x0000000187d760fc thread_start + 8

2024-11-28 19:35:08,405 - INFO - Processo concluído. 0 fotos encontradas e salvas.
2024-11-28 19:35:08,406 - WARNING - Retrying (Retry(total=2, connect=None, read=None, redirect=None, status=None)) after connection broken by 'NewConnectionError('<urllib3.connection.HTTPConnection object at 0x104697040>: Failed to establish a new connection: [Errno 61] Connection refused')': /session/1c0c3002fb3bfe0812027cefc766ebc2/source
2024-11-28 19:35:08,407 - WARNING - Retrying (Retry(total=1, connect=None, read=None, redirect=None, status=None)) after connection broken by 'NewConnectionError('<urllib3.connection.HTTPConnection object at 0x104697130>: Failed to establish a new connection: [Errno 61] Connection refused')': /session/1c0c3002fb3bfe0812027cefc766ebc2/source
2024-11-28 19:35:08,408 - WARNING - Retrying (Retry(total=0, connect=None, read=None, redirect=None, status=None)) after connection broken by 'NewConnectionError('<urllib3.connection.HTTPConnection object at 0x104697280>: Failed to establish a new connection: [Errno 61] Connection refused')': /session/1c0c3002fb3bfe0812027cefc766ebc2/source
2024-11-28 19:39:18,782 - ERROR - Erro ao processar página: Message: 
Stacktrace:
0   chromedriver                        0x0000000100bcbac4 cxxbridge1$str$ptr + 3651580
1   chromedriver                        0x0000000100bc4314 cxxbridge1$str$ptr + 3620940
2   chromedriver                        0x000000010062c4b4 cxxbridge1$string$len + 89224
3   chromedriver                        0x0000000100670898 cxxbridge1$string$len + 368748
4   chromedriver                        0x00000001006aa0fc cxxbridge1$string$len + 604368
5   chromedriver                        0x00000001006650b0 cxxbridge1$string$len + 321668
6   chromedriver                        0x0000000100665d00 cxxbridge1$string$len + 324820
7   chromedriver                        0x0000000100b96e08 cxxbridge1$str$ptr + 3435328
8   chromedriver                        0x0000000100b9a120 cxxbridge1$str$ptr + 3448408
9   chromedriver                        0x0000000100b7e17c cxxbridge1$str$ptr + 3333812
10  chromedriver                        0x0000000100b9a9e0 cxxbridge1$str$ptr + 3450648
11  chromedriver                        0x0000000100b6f988 cxxbridge1$str$ptr + 3274432
12  chromedriver                        0x0000000100bb50f4 cxxbridge1$str$ptr + 3558956
13  chromedriver                        0x0000000100bb5270 cxxbridge1$str$ptr + 3559336
14  chromedriver                        0x0000000100bc3f88 cxxbridge1$str$ptr + 3620032
15  libsystem_pthread.dylib             0x0000000187d7b2e4 _pthread_start + 136
16  libsystem_pthread.dylib             0x0000000187d760fc thread_start + 8

2024-11-28 19:39:18,871 - INFO - Processo concluído. 0 fotos encontradas e salvas.
2024-11-28 19:40:21,381 - ERROR - Erro ao processar página: Message: 
Stacktrace:
0   chromedriver                        0x00000001030efac4 cxxbridge1$str$ptr + 3651580
1   chromedriver                        0x00000001030e8314 cxxbridge1$str$ptr + 3620940
2   chromedriver                        0x0000000102b504b4 cxxbridge1$string$len + 89224
3   chromedriver                        0x0000000102b94898 cxxbridge1$string$len + 368748
4   chromedriver                        0x0000000102bce0fc cxxbridge1$string$len + 604368
5   chromedriver                        0x0000000102b890b0 cxxbridge1$string$len + 321668
6   chromedriver                        0x0000000102b89d00 cxxbridge1$string$len + 324820
7   chromedriver                        0x00000001030bae08 cxxbridge1$str$ptr + 3435328
8   chromedriver                        0x00000001030be120 cxxbridge1$str$ptr + 3448408
9   chromedriver                        0x00000001030a217c cxxbridge1$str$ptr + 3333812
10  chromedriver                        0x00000001030be9e0 cxxbridge1$str$ptr + 3450648
11  chromedriver                        0x0000000103093988 cxxbridge1$str$ptr + 3274432
12  chromedriver                        0x00000001030d90f4 cxxbridge1$str$ptr + 3558956
13  chromedriver                        0x00000001030d9270 cxxbridge1$str$ptr + 3559336
14  chromedriver                        0x00000001030e7f88 cxxbridge1$str$ptr + 3620032
15  libsystem_pthread.dylib             0x0000000187d7b2e4 _pthread_start + 136
16  libsystem_pthread.dylib             0x0000000187d760fc thread_start + 8

2024-11-28 19:40:21,473 - INFO - Processo concluído. 0 fotos encontradas e salvas.
2024-11-28 19:43:31,567 - ERROR - Erro ao processar página: Message: 
Stacktrace:
0   chromedriver                        0x0000000103033ac4 cxxbridge1$str$ptr + 3651580
1   chromedriver                        0x000000010302c314 cxxbridge1$str$ptr + 3620940
2   chromedriver                        0x0000000102a944b4 cxxbridge1$string$len + 89224
3   chromedriver                        0x0000000102ad8898 cxxbridge1$string$len + 368748
4   chromedriver                        0x0000000102b120fc cxxbridge1$string$len + 604368
5   chromedriver                        0x0000000102acd0b0 cxxbridge1$string$len + 321668
6   chromedriver                        0x0000000102acdd00 cxxbridge1$string$len + 324820
7   chromedriver                        0x0000000102ffee08 cxxbridge1$str$ptr + 3435328
8   chromedriver                        0x0000000103002120 cxxbridge1$str$ptr + 3448408
9   chromedriver                        0x0000000102fe617c cxxbridge1$str$ptr + 3333812
10  chromedriver                        0x00000001030029e0 cxxbridge1$str$ptr + 3450648
11  chromedriver                        0x0000000102fd7988 cxxbridge1$str$ptr + 3274432
12  chromedriver                        0x000000010301d0f4 cxxbridge1$str$ptr + 3558956
13  chromedriver                        0x000000010301d270 cxxbridge1$str$ptr + 3559336
14  chromedriver                        0x000000010302bf88 cxxbridge1$str$ptr + 3620032
15  libsystem_pthread.dylib             0x0000000187d7b2e4 _pthread_start + 136
16  libsystem_pthread.dylib             0x0000000187d760fc thread_start + 8

2024-11-28 19:43:31,661 - INFO - Processo concluído. 0 fotos encontradas e salvas.
2024-11-28 19:45:18,138 - ERROR - Erro ao extrair informações: 'NoneType' object has no attribute 'text'
2024-11-28 19:45:20,518 - ERROR - Erro ao extrair informações: 'NoneType' object has no attribute 'text'
2024-11-28 19:45:24,483 - ERROR - Erro ao extrair informações: 'NoneType' object has no attribute 'text'
2024-11-28 19:45:27,146 - ERROR - Erro ao extrair informações: 'NoneType' object has no attribute 'text'
2024-11-28 19:45:29,910 - ERROR - Erro ao extrair informações: 'NoneType' object has no attribute 'text'
2024-11-28 19:45:32,469 - ERROR - Erro ao extrair informações: 'NoneType' object has no attribute 'text'
2024-11-28 19:45:34,938 - ERROR - Erro ao extrair informações: 'NoneType' object has no attribute 'text'
2024-11-28 19:45:37,471 - ERROR - Erro ao extrair informações: 'NoneType' object has no attribute 'text'
2024-11-28 19:45:43,015 - ERROR - Erro ao extrair informações: 'NoneType' object has no attribute 'text'
2024-11-28 19:45:45,627 - ERROR - Erro ao extrair informações: 'NoneType' object has no attribute 'text'
2024-11-28 19:45:48,137 - ERROR - Erro ao extrair informações: 'NoneType' object has no attribute 'text'
2024-11-28 19:45:50,696 - ERROR - Erro ao extrair informações: 'NoneType' object has no attribute 'text'
2024-11-28 19:45:53,360 - ERROR - Erro ao extrair informações: 'NoneType' object has no attribute 'text'
2024-11-28 19:45:55,845 - ERROR - Erro ao extrair informações: 'NoneType' object has no attribute 'text'
2024-11-28 19:45:58,225 - ERROR - Erro ao extrair informações: 'NoneType' object has no attribute 'text'
2024-11-28 19:46:00,631 - ERROR - Erro ao extrair informações: 'NoneType' object has no attribute 'text'
2024-11-28 19:46:03,085 - ERROR - Erro ao extrair informações: 'NoneType' object has no attribute 'text'
2024-11-28 19:46:05,650 - ERROR - Erro ao extrair informações: 'NoneType' object has no attribute 'text'
2024-11-28 19:46:08,051 - ERROR - Erro ao extrair informações: 'NoneType' object has no attribute 'text'
2024-11-28 19:46:10,464 - ERROR - Erro ao extrair informações: 'NoneType' object has no attribute 'text'
2024-11-28 19:46:10,648 - INFO - Processo concluído. 0 fotos encontradas e salvas.
2024-11-28 19:48:32,613 - INFO - URL da imagem encontrada: http://www.siaapm.cultura.mg.gov.br/acervo/fotografico/IPS/63080.jpg
2024-11-28 19:48:32,791 - INFO - Imagem baixada: fotos_pitangui/63080.jpg
2024-11-28 19:48:36,188 - INFO - URL da imagem encontrada: http://www.siaapm.cultura.mg.gov.br/acervo/fotografico/IPS/63085.jpg
2024-11-28 19:48:36,231 - INFO - Imagem baixada: fotos_pitangui/63085.jpg
2024-11-28 19:48:38,751 - INFO - URL da imagem encontrada: http://www.siaapm.cultura.mg.gov.br/acervo/fotografico/IPS/63078.jpg
2024-11-28 19:48:38,802 - INFO - Imagem baixada: fotos_pitangui/63078.jpg
2024-11-28 19:48:43,050 - INFO - URL da imagem encontrada: http://www.siaapm.cultura.mg.gov.br/acervo/fotografico/IPS/63079.jpg
2024-11-28 19:48:43,101 - INFO - Imagem baixada: fotos_pitangui/63079.jpg
2024-11-28 19:48:45,608 - INFO - URL da imagem encontrada: http://www.siaapm.cultura.mg.gov.br/acervo/fotografico/IPS/63074.jpg
2024-11-28 19:48:45,654 - INFO - Imagem baixada: fotos_pitangui/63074.jpg
2024-11-28 19:48:49,495 - INFO - URL da imagem encontrada: http://www.siaapm.cultura.mg.gov.br/acervo/fotografico/IPS/63082.jpg
2024-11-28 19:48:49,547 - INFO - Imagem baixada: fotos_pitangui/63082.jpg
2024-11-28 19:48:52,164 - INFO - URL da imagem encontrada: http://www.siaapm.cultura.mg.gov.br/acervo/fotografico/IPS/61638.jpg
2024-11-28 19:48:52,235 - INFO - Imagem baixada: fotos_pitangui/61638.jpg
2024-11-28 19:48:54,764 - INFO - URL da imagem encontrada: http://www.siaapm.cultura.mg.gov.br/acervo/fotografico/FJBP-1-10.53/32703.jpg
2024-11-28 19:48:54,840 - INFO - Imagem baixada: fotos_pitangui/32703.jpg
2024-11-28 19:48:59,333 - INFO - URL da imagem encontrada: http://www.siaapm.cultura.mg.gov.br/acervo/fotografico/FJBP-1-10.53/32701.jpg
2024-11-28 19:48:59,385 - INFO - Imagem baixada: fotos_pitangui/32701.jpg
2024-11-28 19:49:01,892 - INFO - URL da imagem encontrada: http://www.siaapm.cultura.mg.gov.br/acervo/fotografico/FJBP-1-10.53/32700.jpg
2024-11-28 19:49:01,975 - INFO - Imagem baixada: fotos_pitangui/32700.jpg
2024-11-28 19:49:06,095 - INFO - URL da imagem encontrada: http://www.siaapm.cultura.mg.gov.br/acervo/fotografico/NC-13.21/30057.jpg
2024-11-28 19:49:06,152 - INFO - Imagem baixada: fotos_pitangui/30057.jpg
2024-11-28 19:49:08,754 - INFO - URL da imagem encontrada: http://www.siaapm.cultura.mg.gov.br/acervo/fotografico/NC-13.21/30055.jpg
2024-11-28 19:49:08,813 - INFO - Imagem baixada: fotos_pitangui/30055.jpg
2024-11-28 19:49:11,421 - INFO - URL da imagem encontrada: http://www.siaapm.cultura.mg.gov.br/acervo/fotografico/M-12.21/29648.jpg
2024-11-28 19:49:11,479 - INFO - Imagem baixada: fotos_pitangui/29648.jpg
2024-11-28 19:49:15,203 - INFO - URL da imagem encontrada: http://www.siaapm.cultura.mg.gov.br/acervo/fotografico/NC-13.21/30056.jpg
2024-11-28 19:49:15,270 - INFO - Imagem baixada: fotos_pitangui/30056.jpg
2024-11-28 19:49:19,137 - INFO - URL da imagem encontrada: http://www.siaapm.cultura.mg.gov.br/acervo/fotografico/M-12.21/29645.jpg
2024-11-28 19:49:19,198 - INFO - Imagem baixada: fotos_pitangui/29645.jpg
2024-11-28 19:49:23,087 - INFO - URL da imagem encontrada: http://www.siaapm.cultura.mg.gov.br/acervo/fotografico/M-12.21/29649.jpg
2024-11-28 19:49:23,142 - INFO - Imagem baixada: fotos_pitangui/29649.jpg
2024-11-28 19:49:26,568 - INFO - URL da imagem encontrada: http://www.siaapm.cultura.mg.gov.br/acervo/fotografico/M-12.21/29655.jpg
2024-11-28 19:49:26,623 - INFO - Imagem baixada: fotos_pitangui/29655.jpg
2024-11-28 19:49:30,564 - INFO - URL da imagem encontrada: http://www.siaapm.cultura.mg.gov.br/acervo/fotografico/M-12.21/29654.jpg
2024-11-28 19:49:30,647 - INFO - Imagem baixada: fotos_pitangui/29654.jpg
2024-11-28 19:49:34,455 - INFO - URL da imagem encontrada: http://www.siaapm.cultura.mg.gov.br/acervo/fotografico/M-12.21/29646.jpg
2024-11-28 19:49:34,513 - INFO - Imagem baixada: fotos_pitangui/29646.jpg
2024-11-28 19:49:36,901 - INFO - URL da imagem encontrada: http://www.siaapm.cultura.mg.gov.br/acervo/fotografico/M-12.21/29647.jpg
2024-11-28 19:49:36,959 - INFO - Imagem baixada: fotos_pitangui/29647.jpg
2024-11-28 19:49:37,074 - INFO - Processo concluído. 20 fotos encontradas e salvas.
2024-11-28 19:54:31,219 - INFO - URL da imagem encontrada: http://www.siaapm.cultura.mg.gov.br/acervo/fotografico/IPS/63080.jpg
2024-11-28 19:54:31,219 - INFO - Título: , Descrição: , Referências: , Notação: , Autor: , Local: , Data: , Cor: , Dimensão: , Notas: , Descritores: 
2024-11-28 19:54:31,285 - INFO - Imagem baixada: fotos_pitangui/63080.jpg
2024-11-28 19:54:33,797 - INFO - URL da imagem encontrada: http://www.siaapm.cultura.mg.gov.br/acervo/fotografico/IPS/63085.jpg
2024-11-28 19:54:33,797 - INFO - Título: , Descrição: , Referências: , Notação: , Autor: , Local: , Data: , Cor: , Dimensão: , Notas: , Descritores: 
2024-11-28 19:54:33,839 - INFO - Imagem baixada: fotos_pitangui/63085.jpg
2024-11-28 19:54:36,439 - INFO - URL da imagem encontrada: http://www.siaapm.cultura.mg.gov.br/acervo/fotografico/IPS/63078.jpg
2024-11-28 19:54:36,439 - INFO - Título: , Descrição: , Referências: , Notação: , Autor: , Local: , Data: , Cor: , Dimensão: , Notas: , Descritores: 
2024-11-28 19:54:36,483 - INFO - Imagem baixada: fotos_pitangui/63078.jpg
2024-11-28 19:54:39,100 - INFO - URL da imagem encontrada: http://www.siaapm.cultura.mg.gov.br/acervo/fotografico/IPS/63079.jpg
2024-11-28 19:54:39,100 - INFO - Título: , Descrição: , Referências: , Notação: , Autor: , Local: , Data: , Cor: , Dimensão: , Notas: , Descritores: 
2024-11-28 19:54:39,146 - INFO - Imagem baixada: fotos_pitangui/63079.jpg
2024-11-28 19:54:41,756 - INFO - URL da imagem encontrada: http://www.siaapm.cultura.mg.gov.br/acervo/fotografico/IPS/63074.jpg
2024-11-28 19:54:41,756 - INFO - Título: , Descrição: , Referências: , Notação: , Autor: , Local: , Data: , Cor: , Dimensão: , Notas: , Descritores: 
2024-11-28 19:54:41,806 - INFO - Imagem baixada: fotos_pitangui/63074.jpg
2024-11-28 19:54:44,320 - INFO - URL da imagem encontrada: http://www.siaapm.cultura.mg.gov.br/acervo/fotografico/IPS/63082.jpg
2024-11-28 19:54:44,320 - INFO - Título: , Descrição: , Referências: , Notação: , Autor: , Local: , Data: , Cor: , Dimensão: , Notas: , Descritores: 
2024-11-28 19:54:44,365 - INFO - Imagem baixada: fotos_pitangui/63082.jpg
2024-11-28 19:54:46,983 - INFO - URL da imagem encontrada: http://www.siaapm.cultura.mg.gov.br/acervo/fotografico/IPS/61638.jpg
2024-11-28 19:54:46,984 - INFO - Título: , Descrição: , Referências: , Notação: , Autor: , Local: , Data: , Cor: , Dimensão: , Notas: , Descritores: 
2024-11-28 19:54:47,052 - INFO - Imagem baixada: fotos_pitangui/61638.jpg
2024-11-28 19:54:49,443 - INFO - URL da imagem encontrada: http://www.siaapm.cultura.mg.gov.br/acervo/fotografico/FJBP-1-10.53/32703.jpg
2024-11-28 19:54:49,443 - INFO - Título: , Descrição: , Referências: , Notação: , Autor: , Local: , Data: , Cor: , Dimensão: , Notas: , Descritores: 
2024-11-28 19:54:49,529 - INFO - Imagem baixada: fotos_pitangui/32703.jpg
2024-11-28 19:54:52,120 - INFO - URL da imagem encontrada: http://www.siaapm.cultura.mg.gov.br/acervo/fotografico/FJBP-1-10.53/32701.jpg
2024-11-28 19:54:52,120 - INFO - Título: , Descrição: , Referências: , Notação: , Autor: , Local: , Data: , Cor: , Dimensão: , Notas: , Descritores: 
2024-11-28 19:54:52,177 - INFO - Imagem baixada: fotos_pitangui/32701.jpg
2024-11-28 19:54:54,673 - INFO - URL da imagem encontrada: http://www.siaapm.cultura.mg.gov.br/acervo/fotografico/FJBP-1-10.53/32700.jpg
2024-11-28 19:54:54,673 - INFO - Título: , Descrição: , Referências: , Notação: , Autor: , Local: , Data: , Cor: , Dimensão: , Notas: , Descritores: 
2024-11-28 19:54:54,751 - INFO - Imagem baixada: fotos_pitangui/32700.jpg
2024-11-28 19:54:57,566 - INFO - URL da imagem encontrada: http://www.siaapm.cultura.mg.gov.br/acervo/fotografico/NC-13.21/30057.jpg
2024-11-28 19:54:57,566 - INFO - Título: , Descrição: , Referências: , Notação: , Autor: , Local: , Data: , Cor: , Dimensão: , Notas: , Descritores: 
2024-11-28 19:54:57,625 - INFO - Imagem baixada: fotos_pitangui/30057.jpg
2024-11-28 19:55:01,236 - INFO - URL da imagem encontrada: http://www.siaapm.cultura.mg.gov.br/acervo/fotografico/NC-13.21/30055.jpg
2024-11-28 19:55:01,236 - INFO - Título: , Descrição: , Referências: , Notação: , Autor: , Local: , Data: , Cor: , Dimensão: , Notas: , Descritores: 
2024-11-28 19:55:01,296 - INFO - Imagem baixada: fotos_pitangui/30055.jpg
2024-11-28 19:55:03,882 - INFO - URL da imagem encontrada: http://www.siaapm.cultura.mg.gov.br/acervo/fotografico/M-12.21/29648.jpg
2024-11-28 19:55:03,882 - INFO - Título: , Descrição: , Referências: , Notação: , Autor: , Local: , Data: , Cor: , Dimensão: , Notas: , Descritores: 
2024-11-28 19:55:03,950 - INFO - Imagem baixada: fotos_pitangui/29648.jpg
2024-11-28 19:55:06,545 - INFO - URL da imagem encontrada: http://www.siaapm.cultura.mg.gov.br/acervo/fotografico/NC-13.21/30056.jpg
2024-11-28 19:55:06,545 - INFO - Título: , Descrição: , Referências: , Notação: , Autor: , Local: , Data: , Cor: , Dimensão: , Notas: , Descritores: 
2024-11-28 19:55:06,617 - INFO - Imagem baixada: fotos_pitangui/30056.jpg
2024-11-28 19:55:09,156 - INFO - URL da imagem encontrada: http://www.siaapm.cultura.mg.gov.br/acervo/fotografico/M-12.21/29645.jpg
2024-11-28 19:55:09,156 - INFO - Título: , Descrição: , Referências: , Notação: , Autor: , Local: , Data: , Cor: , Dimensão: , Notas: , Descritores: 
2024-11-28 19:55:09,215 - INFO - Imagem baixada: fotos_pitangui/29645.jpg
2024-11-28 19:55:11,867 - INFO - URL da imagem encontrada: http://www.siaapm.cultura.mg.gov.br/acervo/fotografico/M-12.21/29649.jpg
2024-11-28 19:55:11,867 - INFO - Título: , Descrição: , Referências: , Notação: , Autor: , Local: , Data: , Cor: , Dimensão: , Notas: , Descritores: 
2024-11-28 19:55:11,939 - INFO - Imagem baixada: fotos_pitangui/29649.jpg
2024-11-28 19:55:14,460 - INFO - URL da imagem encontrada: http://www.siaapm.cultura.mg.gov.br/acervo/fotografico/M-12.21/29655.jpg
2024-11-28 19:55:14,460 - INFO - Título: , Descrição: , Referências: , Notação: , Autor: , Local: , Data: , Cor: , Dimensão: , Notas: , Descritores: 
2024-11-28 19:55:14,523 - INFO - Imagem baixada: fotos_pitangui/29655.jpg
2024-11-28 19:55:16,901 - INFO - URL da imagem encontrada: http://www.siaapm.cultura.mg.gov.br/acervo/fotografico/M-12.21/29654.jpg
2024-11-28 19:55:16,901 - INFO - Título: , Descrição: , Referências: , Notação: , Autor: , Local: , Data: , Cor: , Dimensão: , Notas: , Descritores: 
2024-11-28 19:55:16,963 - INFO - Imagem baixada: fotos_pitangui/29654.jpg
2024-11-28 19:55:19,495 - INFO - URL da imagem encontrada: http://www.siaapm.cultura.mg.gov.br/acervo/fotografico/M-12.21/29646.jpg
2024-11-28 19:55:19,495 - INFO - Título: , Descrição: , Referências: , Notação: , Autor: , Local: , Data: , Cor: , Dimensão: , Notas: , Descritores: 
2024-11-28 19:55:19,553 - INFO - Imagem baixada: fotos_pitangui/29646.jpg
2024-11-28 19:55:22,104 - INFO - URL da imagem encontrada: http://www.siaapm.cultura.mg.gov.br/acervo/fotografico/M-12.21/29647.jpg
2024-11-28 19:55:22,104 - INFO - Título: , Descrição: , Referências: , Notação: , Autor: , Local: , Data: , Cor: , Dimensão: , Notas: , Descritores: 
2024-11-28 19:55:22,163 - INFO - Imagem baixada: fotos_pitangui/29647.jpg
2024-11-28 19:55:22,379 - INFO - Processo concluído. 20 fotos encontradas e salvas.
2024-11-28 20:17:50,533 - INFO - URL da imagem encontrada: http://www.siaapm.cultura.mg.gov.br/acervo/fotografico/IPS/63080.jpg
2024-11-28 20:17:50,533 - INFO - Título: , Descrição: , Referências: , Notação: , Autor: , Local: , Data: , Cor: , Dimensão: , Notas: , Descritores: 
2024-11-28 20:17:50,596 - INFO - Imagem baixada: fotos_pitangui/63080.jpg
2024-11-28 20:17:53,179 - INFO - URL da imagem encontrada: http://www.siaapm.cultura.mg.gov.br/acervo/fotografico/IPS/63085.jpg
2024-11-28 20:17:53,179 - INFO - Título: , Descrição: , Referências: , Notação: , Autor: , Local: , Data: , Cor: , Dimensão: , Notas: , Descritores: 
2024-11-28 20:17:53,232 - INFO - Imagem baixada: fotos_pitangui/63085.jpg
2024-11-28 20:17:55,658 - INFO - URL da imagem encontrada: http://www.siaapm.cultura.mg.gov.br/acervo/fotografico/IPS/63078.jpg
2024-11-28 20:17:55,658 - INFO - Título: , Descrição: , Referências: , Notação: , Autor: , Local: , Data: , Cor: , Dimensão: , Notas: , Descritores: 
2024-11-28 20:17:55,707 - INFO - Imagem baixada: fotos_pitangui/63078.jpg
2024-11-28 20:17:58,107 - INFO - URL da imagem encontrada: http://www.siaapm.cultura.mg.gov.br/acervo/fotografico/IPS/63079.jpg
2024-11-28 20:17:58,107 - INFO - Título: , Descrição: , Referências: , Notação: , Autor: , Local: , Data: , Cor: , Dimensão: , Notas: , Descritores: 
2024-11-28 20:17:58,149 - INFO - Imagem baixada: fotos_pitangui/63079.jpg
2024-11-28 20:18:00,765 - INFO - URL da imagem encontrada: http://www.siaapm.cultura.mg.gov.br/acervo/fotografico/IPS/63074.jpg
2024-11-28 20:18:00,766 - INFO - Título: , Descrição: , Referências: , Notação: , Autor: , Local: , Data: , Cor: , Dimensão: , Notas: , Descritores: 
2024-11-28 20:18:00,806 - INFO - Imagem baixada: fotos_pitangui/63074.jpg
2024-11-28 20:18:03,327 - INFO - URL da imagem encontrada: http://www.siaapm.cultura.mg.gov.br/acervo/fotografico/IPS/63082.jpg
2024-11-28 20:18:03,327 - INFO - Título: , Descrição: , Referências: , Notação: , Autor: , Local: , Data: , Cor: , Dimensão: , Notas: , Descritores: 
2024-11-28 20:18:03,372 - INFO - Imagem baixada: fotos_pitangui/63082.jpg
2024-11-28 20:18:05,884 - INFO - URL da imagem encontrada: http://www.siaapm.cultura.mg.gov.br/acervo/fotografico/IPS/61638.jpg
2024-11-28 20:18:05,885 - INFO - Título: , Descrição: , Referências: , Notação: , Autor: , Local: , Data: , Cor: , Dimensão: , Notas: , Descritores: 
2024-11-28 20:18:05,944 - INFO - Imagem baixada: fotos_pitangui/61638.jpg
2024-11-28 20:18:08,549 - INFO - URL da imagem encontrada: http://www.siaapm.cultura.mg.gov.br/acervo/fotografico/FJBP-1-10.53/32703.jpg
2024-11-28 20:18:08,550 - INFO - Título: , Descrição: , Referências: , Notação: , Autor: , Local: , Data: , Cor: , Dimensão: , Notas: , Descritores: 
2024-11-28 20:18:08,617 - INFO - Imagem baixada: fotos_pitangui/32703.jpg
2024-11-28 20:18:12,553 - INFO - URL da imagem encontrada: http://www.siaapm.cultura.mg.gov.br/acervo/fotografico/FJBP-1-10.53/32701.jpg
2024-11-28 20:18:12,553 - INFO - Título: , Descrição: , Referências: , Notação: , Autor: , Local: , Data: , Cor: , Dimensão: , Notas: , Descritores: 
2024-11-28 20:18:12,607 - INFO - Imagem baixada: fotos_pitangui/32701.jpg
2024-11-28 20:18:16,180 - INFO - URL da imagem encontrada: http://www.siaapm.cultura.mg.gov.br/acervo/fotografico/FJBP-1-10.53/32700.jpg
2024-11-28 20:18:16,180 - INFO - Título: , Descrição: , Referências: , Notação: , Autor: , Local: , Data: , Cor: , Dimensão: , Notas: , Descritores: 
2024-11-28 20:18:16,249 - INFO - Imagem baixada: fotos_pitangui/32700.jpg
2024-11-28 20:18:19,542 - INFO - URL da imagem encontrada: http://www.siaapm.cultura.mg.gov.br/acervo/fotografico/NC-13.21/30057.jpg
2024-11-28 20:18:19,542 - INFO - Título: , Descrição: , Referências: , Notação: , Autor: , Local: , Data: , Cor: , Dimensão: , Notas: , Descritores: 
2024-11-28 20:18:19,595 - INFO - Imagem baixada: fotos_pitangui/30057.jpg
2024-11-28 20:18:23,909 - INFO - URL da imagem encontrada: http://www.siaapm.cultura.mg.gov.br/acervo/fotografico/NC-13.21/30055.jpg
2024-11-28 20:18:23,909 - INFO - Título: , Descrição: , Referências: , Notação: , Autor: , Local: , Data: , Cor: , Dimensão: , Notas: , Descritores: 
2024-11-28 20:18:23,969 - INFO - Imagem baixada: fotos_pitangui/30055.jpg
2024-11-28 20:18:26,616 - INFO - URL da imagem encontrada: http://www.siaapm.cultura.mg.gov.br/acervo/fotografico/M-12.21/29648.jpg
2024-11-28 20:18:26,616 - INFO - Título: , Descrição: , Referências: , Notação: , Autor: , Local: , Data: , Cor: , Dimensão: , Notas: , Descritores: 
2024-11-28 20:18:26,671 - INFO - Imagem baixada: fotos_pitangui/29648.jpg
2024-11-28 20:18:29,234 - INFO - URL da imagem encontrada: http://www.siaapm.cultura.mg.gov.br/acervo/fotografico/NC-13.21/30056.jpg
2024-11-28 20:18:29,235 - INFO - Título: , Descrição: , Referências: , Notação: , Autor: , Local: , Data: , Cor: , Dimensão: , Notas: , Descritores: 
2024-11-28 20:18:29,310 - INFO - Imagem baixada: fotos_pitangui/30056.jpg
2024-11-28 20:18:31,815 - INFO - URL da imagem encontrada: http://www.siaapm.cultura.mg.gov.br/acervo/fotografico/M-12.21/29645.jpg
2024-11-28 20:18:31,816 - INFO - Título: , Descrição: , Referências: , Notação: , Autor: , Local: , Data: , Cor: , Dimensão: , Notas: , Descritores: 
2024-11-28 20:18:31,872 - INFO - Imagem baixada: fotos_pitangui/29645.jpg
2024-11-28 20:18:34,353 - INFO - URL da imagem encontrada: http://www.siaapm.cultura.mg.gov.br/acervo/fotografico/M-12.21/29649.jpg
2024-11-28 20:18:34,353 - INFO - Título: , Descrição: , Referências: , Notação: , Autor: , Local: , Data: , Cor: , Dimensão: , Notas: , Descritores: 
2024-11-28 20:18:34,411 - INFO - Imagem baixada: fotos_pitangui/29649.jpg
2024-11-28 20:18:37,017 - INFO - URL da imagem encontrada: http://www.siaapm.cultura.mg.gov.br/acervo/fotografico/M-12.21/29655.jpg
2024-11-28 20:18:37,017 - INFO - Título: , Descrição: , Referências: , Notação: , Autor: , Local: , Data: , Cor: , Dimensão: , Notas: , Descritores: 
2024-11-28 20:18:37,067 - INFO - Imagem baixada: fotos_pitangui/29655.jpg
2024-11-28 20:18:39,496 - INFO - URL da imagem encontrada: http://www.siaapm.cultura.mg.gov.br/acervo/fotografico/M-12.21/29654.jpg
2024-11-28 20:18:39,496 - INFO - Título: , Descrição: , Referências: , Notação: , Autor: , Local: , Data: , Cor: , Dimensão: , Notas: , Descritores: 
2024-11-28 20:18:39,551 - INFO - Imagem baixada: fotos_pitangui/29654.jpg
2024-11-28 20:18:42,047 - INFO - URL da imagem encontrada: http://www.siaapm.cultura.mg.gov.br/acervo/fotografico/M-12.21/29646.jpg
2024-11-28 20:18:42,047 - INFO - Título: , Descrição: , Referências: , Notação: , Autor: , Local: , Data: , Cor: , Dimensão: , Notas: , Descritores: 
2024-11-28 20:18:42,100 - INFO - Imagem baixada: fotos_pitangui/29646.jpg
2024-11-28 20:18:45,874 - INFO - URL da imagem encontrada: http://www.siaapm.cultura.mg.gov.br/acervo/fotografico/M-12.21/29647.jpg
2024-11-28 20:18:45,874 - INFO - Título: , Descrição: , Referências: , Notação: , Autor: , Local: , Data: , Cor: , Dimensão: , Notas: , Descritores: 
2024-11-28 20:18:45,925 - INFO - Imagem baixada: fotos_pitangui/29647.jpg
2024-11-28 20:18:46,063 - INFO - Processo concluído. 20 fotos encontradas e salvas.
2024-11-28 20:20:38,874 - INFO - URL da imagem encontrada: http://www.siaapm.cultura.mg.gov.br/acervo/fotografico/IPS/63080.jpg
2024-11-28 20:20:38,874 - INFO - Título: , Descrição: , Referências: , Notação: IPS-3-1-036(43), Autor: SECRETARIA DE ESTADO DA AGRICULTURA, Local: PITANGUI (MG), Data: 1937, Cor: Preto e branco, Dimensão: 25,0 X 17,5 CM, Notas: "COMPÕE ÁLBUM "SECRETARIA DE AGRICULTURA - SERVIÇO...", Descritores: PLANTAÇÕES - ALGODÃO
2024-11-28 20:20:38,928 - INFO - Imagem baixada: fotos_pitangui/63080.jpg
2024-11-28 20:20:41,393 - INFO - URL da imagem encontrada: http://www.siaapm.cultura.mg.gov.br/acervo/fotografico/IPS/63085.jpg
2024-11-28 20:20:41,393 - INFO - Título: , Descrição: , Referências: , Notação: IPS-3-1-036(48), Autor: SECRETARIA DE ESTADO DA AGRICULTURA, Local: PITANGUI (MG), Data: 1937 - 9999, Cor: Preto e branco, Dimensão: 25,5 X 18,0 CM, Notas: COMPÕE ÁLBUM "SECRETARIA DE AGRICULTURA - SERVIÇO DE FOMENTO DO ALGODÃO...", Descritores: CASASMEIOS DE TRANSPORTE - CARROSPRÉDIOS PÚBLICOS
2024-11-28 20:20:41,430 - INFO - Imagem baixada: fotos_pitangui/63085.jpg
2024-11-28 20:20:43,843 - INFO - URL da imagem encontrada: http://www.siaapm.cultura.mg.gov.br/acervo/fotografico/IPS/63079.jpg
2024-11-28 20:20:43,844 - INFO - Título: , Descrição: , Referências: , Notação: IPS-3-1-036(42), Autor: SECRETARIA DE ESTADO DA AGRICULTURA, Local: PITANGUI (MG), Data: 1937 - 9999, Cor: Preto e branco, Dimensão: 26,0 X 18,0 CM, Notas: COMPÕE ÁLBUM "SECRETARIA DE AGRICULTURA - SERVIÇO DE FOMENTO DO ALGODÃO...", Descritores: PLANTAÇÕES - ALGODÃO
2024-11-28 20:20:43,891 - INFO - Imagem baixada: fotos_pitangui/63079.jpg
2024-11-28 20:20:46,449 - INFO - URL da imagem encontrada: http://www.siaapm.cultura.mg.gov.br/acervo/fotografico/IPS/63078.jpg
2024-11-28 20:20:46,449 - INFO - Título: , Descrição: , Referências: , Notação: IPS-3-1-036(41), Autor: SECRETARIA DE ESTADO DA AGRICULTURA, Local: PITANGUI (MG), Data: 1937 - 9999, Cor: Preto e branco, Dimensão: 25,0 X 17,5 CM, Notas: COMPÕE ÁLBUM "SECRETARIA DE AGRICULTURA - SERVIÇO DE FOMENTO DO ALGODÃO...", Descritores: PLANTAÇÕES - ALGODÃO
2024-11-28 20:20:46,503 - INFO - Imagem baixada: fotos_pitangui/63078.jpg
2024-11-28 20:20:49,009 - INFO - URL da imagem encontrada: http://www.siaapm.cultura.mg.gov.br/acervo/fotografico/IPS/63074.jpg
2024-11-28 20:20:49,009 - INFO - Título: , Descrição: , Referências: , Notação: IPS-3-1-036(37), Autor: SECRETARIA DE ESTADO DA AGRICULTURA, Local: PITANGUI (MG), Data: 1937 - 9999, Cor: Preto e branco, Dimensão: 25,5 X 17,0 CM, Notas: COMPÕE ÁLBUM "SECRETARIA DE AGRICULTURA - SERVIÇO DE FOMENTO DO ALGODÃO...", Descritores: PLANTAÇÕES - ALGODÃOTRABALHADORES
2024-11-28 20:20:49,059 - INFO - Imagem baixada: fotos_pitangui/63074.jpg
2024-11-28 20:20:51,433 - INFO - URL da imagem encontrada: http://www.siaapm.cultura.mg.gov.br/acervo/fotografico/IPS/63082.jpg
2024-11-28 20:20:51,433 - INFO - Título: , Descrição: , Referências: , Notação: IPS-3-1-036(45), Autor: SECRETARIA DE ESTADO DA AGRICULTURA, Local: PITANGUI (MG), Data: 1937, Cor: Preto e branco, Dimensão: 25,5 X 18,5 CM, Notas: COMPÕE ÁLBUM "SECRETARIA DE AGRICULTURA - SERVIÇO DE FOMENTO DO ALGODÃO...", Descritores: PLANTAÇÕES - ALGODÃO
2024-11-28 20:20:51,480 - INFO - Imagem baixada: fotos_pitangui/63082.jpg
2024-11-28 20:20:54,027 - INFO - URL da imagem encontrada: http://www.siaapm.cultura.mg.gov.br/acervo/fotografico/IPS/61638.jpg
2024-11-28 20:20:54,028 - INFO - Título: , Descrição: , Referências: , Notação: IPS-1-3-030, Autor: SEM AUTORIA, Local: PITANGUI (MG), Data: 1925 - 1929 - Data aproximada, Cor: Preto e branco, Dimensão: 10 X 6 CM, Notas: =>FAMÍLIA PINHEIRO, Descritores: IGREJAS - IGREJA MATRIZ DE NOSSA SENHORA DO PILARPESSOASRUTH PINHEIRO DA SILVA
2024-11-28 20:20:54,090 - INFO - Imagem baixada: fotos_pitangui/61638.jpg
2024-11-28 20:20:56,641 - INFO - URL da imagem encontrada: http://www.siaapm.cultura.mg.gov.br/acervo/fotografico/FJBP-1-10.53/32703.jpg
2024-11-28 20:20:56,641 - INFO - Título: , Descrição: , Referências: , Notação: FJBP-1-2-006, Autor: SEM AUTORIA, Local: PITANGUI (MG), Data: 1950 - 1960 - Data provável, Cor: Preto e branco, Dimensão: 8,7 x 13,8 cm, Notas: ANOTAÇÕES: "PITANGUÍ" (VERSO)=>AS FOTOGRAFIAS DA FAMÍLIA JOAQUINA BERNARDA DO POMPÉU FORAM REUNIDAS POR CURIOLANDO PINTO RIBEIRO, UTILIZADAS PARA ILUSTRAR A OBRA DELE - "DONA JOAQUINA DO POMPÉU - 1956"=>A IDENTIFICAÇÃO DA FOTO TEVE A COLABORAÇÃO DO PESQUISADOR LICÍNIO DE SOUSA E SILVA FILHO EM 21/07/2010., Descritores: 
2024-11-28 20:20:56,712 - INFO - Imagem baixada: fotos_pitangui/32703.jpg
2024-11-28 20:20:59,117 - INFO - URL da imagem encontrada: http://www.siaapm.cultura.mg.gov.br/acervo/fotografico/FJBP-1-10.53/32701.jpg
2024-11-28 20:20:59,118 - INFO - Título: , Descrição: , Referências: , Notação: FJBP-1-2-004, Autor: SEM AUTORIA, Local: PITANGUI (MG), Data: 1940 - 1950 - Data provável, Cor: Preto e branco, Dimensão: 8,5 x 13,5 cm, Notas: =ANOTAÇÕES: "JARDIM PÚBLICO DE PITANGUÍ" (VERSO)=>AS FOTOGRAFIAS DA FAMÍLIA JOAQUINA BERNARDA DO POMPÉU FORAM REUNIDAS POR CURIOLANDO PINTO RIBEIRO, UTILIZADAS PARA ILUSTRAR A OBRA DELE - "DONA JOAQUINA DO POMPÉU - 1956"=>A IDENTIFICAÇÃO DA FOTO TEVE A COLABORAÇÃO DO PESQUISADOR LICÍNIO DE SOUSA E SILVA FILHO EM 21/07/2010., Descritores: 
2024-11-28 20:20:59,168 - INFO - Imagem baixada: fotos_pitangui/32701.jpg
2024-11-28 20:21:01,698 - INFO - URL da imagem encontrada: http://www.siaapm.cultura.mg.gov.br/acervo/fotografico/FJBP-1-10.53/32700.jpg
2024-11-28 20:21:01,698 - INFO - Título: , Descrição: , Referências: , Notação: FJBP-1-2-003, Autor: WESSEL, Local: PITANGUI (MG), Data: 1940 - 1950 - Data provável, Cor: Preto e branco, Dimensão: 8,5x 13,5 cm, Notas: ANOTAÇÕES: " WESSEL" PITANGUI (VERSO)=>AS FOTOGRAFIAS DA FAMÍLIA JOAQUINA BERNARDA DO POMPÉU FORAM REUNIDAS POR CURIOLANDO PINTO RIBEIRO, UTILIZADAS PARA ILUSTRAR A OBRA DELE - "DONA JOAQUINA DO POMPÉU - 1956"=>A IDENTIFICAÇÃO DA FOTO TEVE A COLABORAÇÃO DO PESQUISADOR LICÍNIO DE SOUSA E SILVA FILHO EM 21/07/2010., Descritores: 
2024-11-28 20:21:01,764 - INFO - Imagem baixada: fotos_pitangui/32700.jpg
2024-11-28 20:21:05,835 - INFO - URL da imagem encontrada: http://www.siaapm.cultura.mg.gov.br/acervo/fotografico/NC-13.21/30057.jpg
2024-11-28 20:21:05,836 - INFO - Título: , Descrição: , Referências: , Notação: NCS-131, Autor: SEM AUTORIA, Local: PITANGUI (MG), Data: 1900 - 1910 - Data provável, Cor: Preto e branco, Dimensão: 12,4 x 16,7 cm, Notas: DIMENSÃO DA MOLDURA:  17,4 x 22,3 cmCARIMBO: "INSTITUTO HISTÓRICO E GEOGRÁFICO DE MINAS GERAIS"  ANOTAÇÕES:  "RUA MUNICIPAL PITANGUY""AO SR. GROSCO FCª RUA DA ASSEMBLÉIA 24. DR. RODOLPHO JACOB.", Descritores: VIA PÚBLICARUA MUNICIPAL (PITANGUI, MG)PESSOAESTABELECIMENTO COMERCIAL
2024-11-28 20:21:05,889 - INFO - Imagem baixada: fotos_pitangui/30057.jpg
2024-11-28 20:21:08,344 - INFO - URL da imagem encontrada: http://www.siaapm.cultura.mg.gov.br/acervo/fotografico/NC-13.21/30055.jpg
2024-11-28 20:21:08,344 - INFO - Título: , Descrição: , Referências: , Notação: NCS-129, Autor: JOSÉ FERREIRA MACHADO, Local: PITANGUI (MG), Data: 1900 - 1910 - Data provável, Cor: Preto e branco, Dimensão: 9,9 x 15,0 cm, Notas: DIMENSÃO DA MOLDURA:  17,0 x 23,0 cmCARIMBO: "INSTITUTO HISTÓRICO E GEOGRÁFICO DE MINAS GERAIS"  ANOTAÇÕES:  "O RIO PARÁ, SOB A "PONTE DR. JOSÉ GONÇALVES", NA ESTAÇÃO MARTINHO CAMPOS (OESTE DE MINAS), MUN. DE PITANGUY. PONTE DR. JOSÉ GONÇALVES SOBRE O RIO PARÁ EM MARTINHO CAMPOS, RECENTEMENTE CONSTRUÍDA SOB A FISCALIZAÇÃO DO COMPETENTE CONDUCTOR DE OBRAS DO ESTADO, ALBERTO CARNEIRO"=>PUBLICADA EM: SENNA, NELSON COELHO DE. A HULHA BRANCA EM MINAS GERAIS. BELO HORIZONTE: IMPRENSA OFICIAL, 1814. PÁG. XXXV., Descritores: PONTE JOSÉ GONÇALVES (PITANGUI, MG)RIO PARA (PITANGUI, MG) FERROVIA
2024-11-28 20:21:08,395 - INFO - Imagem baixada: fotos_pitangui/30055.jpg
2024-11-28 20:21:10,921 - INFO - URL da imagem encontrada: http://www.siaapm.cultura.mg.gov.br/acervo/fotografico/M-12.21/29648.jpg
2024-11-28 20:21:10,921 - INFO - Título: , Descrição: , Referências: , Notação: MM-247(04), Autor: F. ROCHA, Local: PITANGUI (MG), Data: Sem data, Cor: Preto e branco, Dimensão: 17,0  X  23,0 cm, Notas: FOTO INSERIDA NO DOSSIÊ: [ASPECTO DE PITANGUI], Descritores: VIA PÚBLICACASA (PITANGUI, MG)
2024-11-28 20:21:10,969 - INFO - Imagem baixada: fotos_pitangui/29648.jpg
2024-11-28 20:21:13,585 - INFO - URL da imagem encontrada: http://www.siaapm.cultura.mg.gov.br/acervo/fotografico/NC-13.21/30056.jpg
2024-11-28 20:21:13,585 - INFO - Título: , Descrição: , Referências: , Notação: NCS-130, Autor: SEM AUTORIA, Local: PITANGUI (MG), Data: 1900 - 1910 - Data provável, Cor: Preto e branco, Dimensão: 13,2 x 15,0 cm, Notas: DIMENSÃO DA MOLDURA:  21,6 x 27,7 cmCARIMBO: "INSTITUTO HISTÓRICO E GEOGRÁFICO DE MINAS GERAIS"  ANOTAÇÃO:  "CIDADE PITANGUY. M. GROSCO Mª RUA DA ASSEMBLÉIA 24. DR. RODOLPHO JACOB.", Descritores: ESTABELECIMENTO COMERCIALVASCONCELOS E CARVALHO (PITANGUI, MG)ARMAZÉM DE FAZENDAS FERRAGENS ARMARINHOSPESSOA
2024-11-28 20:21:13,645 - INFO - Imagem baixada: fotos_pitangui/30056.jpg
2024-11-28 20:21:19,116 - INFO - URL da imagem encontrada: http://www.siaapm.cultura.mg.gov.br/acervo/fotografico/M-12.21/29645.jpg
2024-11-28 20:21:19,116 - INFO - Título: , Descrição: , Referências: , Notação: MM-247(01), Autor: F. ROCHA, Local: PITANGUI (MG), Data: 1908, Cor: Preto e branco, Dimensão: 11,5  X  17,9 cm, Notas: FOTO INSERIDA NO DOSSIÊ: [ASPECTO DE PITANGUI]ANOTAÇÕES: "PHOT. AMADOR F. ROCHA 908", Descritores: ESTAÇÃO FERROVIÁRIA (PITANGUI, MG)FERROVIACASASERRA
2024-11-28 20:21:19,170 - INFO - Imagem baixada: fotos_pitangui/29645.jpg
2024-11-28 20:21:21,676 - INFO - URL da imagem encontrada: http://www.siaapm.cultura.mg.gov.br/acervo/fotografico/M-12.21/29649.jpg
2024-11-28 20:21:21,676 - INFO - Título: , Descrição: , Referências: , Notação: MM-247(05), Autor: F. ROCHA, Local: PITANGUI (MG), Data: Sem data, Cor: Preto e branco, Dimensão: 17,0  X  23,0 cm, Notas: FOTO INSERIDA NO DOSSIÊ: [ASPECTO DE PITANGUI], Descritores: CASAIGREJA (PITANGUI, MG)SERRA
2024-11-28 20:21:21,728 - INFO - Imagem baixada: fotos_pitangui/29649.jpg
2024-11-28 20:21:24,234 - INFO - URL da imagem encontrada: http://www.siaapm.cultura.mg.gov.br/acervo/fotografico/M-12.21/29655.jpg
2024-11-28 20:21:24,234 - INFO - Título: , Descrição: , Referências: , Notação: MM-250(02), Autor: M. C.  JAAFAR, Local: PITANGUI (MG), Data: Sem data, Cor: Preto e branco, Dimensão: 17,3  X  22,9 cm, Notas: FOTO INSERIDA NO DOSSIÊ: [FACHADA DE EDIFÍCIO]DIMENSÃO DA MOLDURA: 27,5 x 32,7cmCARIMBO: "PHOTOGRAPHO M. C. JAAFAR - PITANGUI - MINAS."ANOTAÇÕES: "IMPORTANTE! PARA A BOA CONSERVAÇÃO DOS RETRATOS A 'PHOTOGRAFIA JAAFAR' ACONSELHA: COLOCAR O RETRATO EM QUADRO QUE FIQUE BEM RESGUARDADO, NÃO APANHANDO PÓ, VENTO, CALOR DE SOL OU DE LÂMPADAS, SUOR DOS DEDOS, SAL DE COSINHA E OUTROS, ACIDO, GAZ, FUMAÇA DE GAZ OU DE LENHA, PERFUMES E DROGAS EM GERAL. NÃO TOCAREM OS DEDOS SOBRE A IMAGEM. SE RESPEITAREM TODAS ESTAS CONDIÇÕES, TERÃO AS SUAS PHOTOGRAPHIAS PERFEITAS POR UM SÉCULO."=>A IDENTIFICAÇÃO DA FOTO TEVE A COLABORAÇÃO DO PESQUISADOR LICÍNIO DE SOUSA E SILVA FILHO EM 21/07/2010., Descritores: PREDIO (PITANGUI, MG)VIA PÚBLICAPESSOA
2024-11-28 20:21:24,290 - INFO - Imagem baixada: fotos_pitangui/29655.jpg
2024-11-28 20:21:26,895 - INFO - URL da imagem encontrada: http://www.siaapm.cultura.mg.gov.br/acervo/fotografico/M-12.21/29654.jpg
2024-11-28 20:21:26,895 - INFO - Título: , Descrição: , Referências: , Notação: MM-250(01), Autor: M. C.  JAAFAR, Local: PITANGUI (MG), Data: Sem data, Cor: Preto e branco, Dimensão: 16,9  X  22,5 cm, Notas: FOTO INSERIDA NO DOSSIÊ: [FACHADA DE EDIFÍCIO]DIMENSÃO DA MOLDURA: 27,5 x 32,7cmCARIMBO: "PHOTOGRAPHO M. C. JAAFAR - PITANGUI - MINAS."ANOTAÇÕES: "IMPORTANTE! PARA A BOA CONSERVAÇÃO DOS RETRATOS A 'PHOTOGRAFIA JAAFAR' ACONSELHA: COLOCAR O RETRATO EM QUADRO QUE FIQUE BEM RESGUARDADO, NÃO APANHANDO PÓ, VENTO, CALOR DE SOL OU DE LÂMPADAS, SUOR DOS DEDOS, SAL DE COSINHA E OUTROS, ACIDO, GAZ, FUMAÇA DE GAZ OU DE LENHA, PERFUMES E DROGAS EM GERAL. NÃO TOCAREM OS DEDOS SOBRE A IMAGEM. SE RESPEITAREM TODAS ESTAS CONDIÇÕES, TERÃO AS SUAS PHOTOGRAPHIAS PERFEITAS POR UM SÉCULO."=>A IDENTIFICAÇÃO DA FOTO TEVE A COLABORAÇÃO DO PESQUISADOR LICÍNIO DE SOUSA E SILVA FILHO EM 21/07/2010., Descritores: PRÉDIO (PITANGUI, MG)VIA PÚBLICAPESSOA
2024-11-28 20:21:26,949 - INFO - Imagem baixada: fotos_pitangui/29654.jpg
2024-11-28 20:21:29,664 - INFO - URL da imagem encontrada: http://www.siaapm.cultura.mg.gov.br/acervo/fotografico/M-12.21/29646.jpg
2024-11-28 20:21:29,664 - INFO - Título: , Descrição: , Referências: , Notação: MM-247(02), Autor: F. ROCHA, Local: PITANGUI (MG), Data: Sem data, Cor: Preto e branco, Dimensão: 17,0  X  22,9 cm, Notas: FOTO INSERIDA NO DOSSIÊ: [ASPECTO DE PITANGUI]ANOTAÇÕES: "[REFORMA DE PRAÇA EM PITANGUI]"=>A IDENTIFICAÇÃO DA FOTO TEVE A COLABORAÇÃO DO PESQUISADOR LICÍNIO DE SOUSA E SILVA FILHO EM 21/07/2010., Descritores: VIA PÚBLICAFONTE / CHAFARIZCASA (PITANGUI, MG)
2024-11-28 20:21:29,713 - INFO - Imagem baixada: fotos_pitangui/29646.jpg
2024-11-28 20:21:32,233 - INFO - URL da imagem encontrada: http://www.siaapm.cultura.mg.gov.br/acervo/fotografico/M-12.21/29647.jpg
2024-11-28 20:21:32,233 - INFO - Título: , Descrição: , Referências: , Notação: MM-247(03), Autor: F. ROCHA, Local: PITANGUI (MG), Data: Sem data, Cor: Preto e branco, Dimensão: 17,0  X  22,9 cm, Notas: FOTO INSERIDA NO DOSSIÊ: [ASPECTO DE PITANGUI]=>PRAÇA GETÚLIO VARGAS - IGREJA MATRIZ NOSSA SENHORA DO PILAR  - CHAFARIZ DE 1835 "VIVA A CONSTITUIÇÃO"., Descritores: VIA PÚBLICAPRAÇAPESSOATRABALHADORCASA (PITANGUI, MG)
2024-11-28 20:21:32,286 - INFO - Imagem baixada: fotos_pitangui/29647.jpg
2024-11-28 20:21:32,421 - INFO - Processo concluído. 20 fotos encontradas e salvas.
2024-11-28 20:25:27,134 - INFO - URL da imagem encontrada: http://www.siaapm.cultura.mg.gov.br/acervo/fotografico/IPS/63080.jpg
2024-11-28 20:25:27,134 - INFO - Título: , Descrição: , Referências: , Notação: IPS-3-1-036(43), Autor: SECRETARIA DE ESTADO DA AGRICULTURA, Local: PITANGUI (MG), Data: 1937, Cor: Preto e branco, Dimensão: 25,0 X 17,5 CM, Notas: "COMPÕE ÁLBUM "SECRETARIA DE AGRICULTURA - SERVIÇO...", Descritores: PLANTAÇÕES - ALGODÃO
2024-11-28 20:25:27,190 - INFO - Imagem baixada: fotos_pitangui/63080.jpg
2024-11-28 20:25:29,695 - INFO - URL da imagem encontrada: http://www.siaapm.cultura.mg.gov.br/acervo/fotografico/IPS/63078.jpg
2024-11-28 20:25:29,695 - INFO - Título: , Descrição: , Referências: , Notação: IPS-3-1-036(41), Autor: SECRETARIA DE ESTADO DA AGRICULTURA, Local: PITANGUI (MG), Data: 1937 - 9999, Cor: Preto e branco, Dimensão: 25,0 X 17,5 CM, Notas: COMPÕE ÁLBUM "SECRETARIA DE AGRICULTURA - SERVIÇO DE FOMENTO DO ALGODÃO...", Descritores: PLANTAÇÕES - ALGODÃO
2024-11-28 20:25:29,745 - INFO - Imagem baixada: fotos_pitangui/63078.jpg
2024-11-28 20:25:32,153 - INFO - URL da imagem encontrada: http://www.siaapm.cultura.mg.gov.br/acervo/fotografico/IPS/63085.jpg
2024-11-28 20:25:32,153 - INFO - Título: , Descrição: , Referências: , Notação: IPS-3-1-036(48), Autor: SECRETARIA DE ESTADO DA AGRICULTURA, Local: PITANGUI (MG), Data: 1937 - 9999, Cor: Preto e branco, Dimensão: 25,5 X 18,0 CM, Notas: COMPÕE ÁLBUM "SECRETARIA DE AGRICULTURA - SERVIÇO DE FOMENTO DO ALGODÃO...", Descritores: CASASMEIOS DE TRANSPORTE - CARROSPRÉDIOS PÚBLICOS
2024-11-28 20:25:32,190 - INFO - Imagem baixada: fotos_pitangui/63085.jpg
2024-11-28 20:25:34,702 - INFO - URL da imagem encontrada: http://www.siaapm.cultura.mg.gov.br/acervo/fotografico/IPS/63079.jpg
2024-11-28 20:25:34,702 - INFO - Título: , Descrição: , Referências: , Notação: IPS-3-1-036(42), Autor: SECRETARIA DE ESTADO DA AGRICULTURA, Local: PITANGUI (MG), Data: 1937 - 9999, Cor: Preto e branco, Dimensão: 26,0 X 18,0 CM, Notas: COMPÕE ÁLBUM "SECRETARIA DE AGRICULTURA - SERVIÇO DE FOMENTO DO ALGODÃO...", Descritores: PLANTAÇÕES - ALGODÃO
2024-11-28 20:25:34,746 - INFO - Imagem baixada: fotos_pitangui/63079.jpg
2024-11-28 20:25:37,310 - INFO - URL da imagem encontrada: http://www.siaapm.cultura.mg.gov.br/acervo/fotografico/IPS/63074.jpg
2024-11-28 20:25:37,310 - INFO - Título: , Descrição: , Referências: , Notação: IPS-3-1-036(37), Autor: SECRETARIA DE ESTADO DA AGRICULTURA, Local: PITANGUI (MG), Data: 1937 - 9999, Cor: Preto e branco, Dimensão: 25,5 X 17,0 CM, Notas: COMPÕE ÁLBUM "SECRETARIA DE AGRICULTURA - SERVIÇO DE FOMENTO DO ALGODÃO...", Descritores: PLANTAÇÕES - ALGODÃOTRABALHADORES
2024-11-28 20:25:37,354 - INFO - Imagem baixada: fotos_pitangui/63074.jpg
2024-11-28 20:25:39,828 - INFO - URL da imagem encontrada: http://www.siaapm.cultura.mg.gov.br/acervo/fotografico/IPS/63082.jpg
2024-11-28 20:25:39,828 - INFO - Título: , Descrição: , Referências: , Notação: IPS-3-1-036(45), Autor: SECRETARIA DE ESTADO DA AGRICULTURA, Local: PITANGUI (MG), Data: 1937, Cor: Preto e branco, Dimensão: 25,5 X 18,5 CM, Notas: COMPÕE ÁLBUM "SECRETARIA DE AGRICULTURA - SERVIÇO DE FOMENTO DO ALGODÃO...", Descritores: PLANTAÇÕES - ALGODÃO
2024-11-28 20:25:39,878 - INFO - Imagem baixada: fotos_pitangui/63082.jpg
2024-11-28 20:25:42,284 - INFO - URL da imagem encontrada: http://www.siaapm.cultura.mg.gov.br/acervo/fotografico/IPS/61638.jpg
2024-11-28 20:25:42,284 - INFO - Título: , Descrição: , Referências: , Notação: IPS-1-3-030, Autor: SEM AUTORIA, Local: PITANGUI (MG), Data: 1925 - 1929 - Data aproximada, Cor: Preto e branco, Dimensão: 10 X 6 CM, Notas: =>FAMÍLIA PINHEIRO, Descritores: IGREJAS - IGREJA MATRIZ DE NOSSA SENHORA DO PILARPESSOASRUTH PINHEIRO DA SILVA
2024-11-28 20:25:42,340 - INFO - Imagem baixada: fotos_pitangui/61638.jpg
2024-11-28 20:25:44,847 - INFO - URL da imagem encontrada: http://www.siaapm.cultura.mg.gov.br/acervo/fotografico/FJBP-1-10.53/32703.jpg
2024-11-28 20:25:44,847 - INFO - Título: , Descrição: , Referências: , Notação: FJBP-1-2-006, Autor: SEM AUTORIA, Local: PITANGUI (MG), Data: 1950 - 1960 - Data provável, Cor: Preto e branco, Dimensão: 8,7 x 13,8 cm, Notas: ANOTAÇÕES: "PITANGUÍ" (VERSO)=>AS FOTOGRAFIAS DA FAMÍLIA JOAQUINA BERNARDA DO POMPÉU FORAM REUNIDAS POR CURIOLANDO PINTO RIBEIRO, UTILIZADAS PARA ILUSTRAR A OBRA DELE - "DONA JOAQUINA DO POMPÉU - 1956"=>A IDENTIFICAÇÃO DA FOTO TEVE A COLABORAÇÃO DO PESQUISADOR LICÍNIO DE SOUSA E SILVA FILHO EM 21/07/2010., Descritores: 
2024-11-28 20:25:44,908 - INFO - Imagem baixada: fotos_pitangui/32703.jpg
2024-11-28 20:25:47,306 - INFO - URL da imagem encontrada: http://www.siaapm.cultura.mg.gov.br/acervo/fotografico/FJBP-1-10.53/32701.jpg
2024-11-28 20:25:47,306 - INFO - Título: , Descrição: , Referências: , Notação: FJBP-1-2-004, Autor: SEM AUTORIA, Local: PITANGUI (MG), Data: 1940 - 1950 - Data provável, Cor: Preto e branco, Dimensão: 8,5 x 13,5 cm, Notas: =ANOTAÇÕES: "JARDIM PÚBLICO DE PITANGUÍ" (VERSO)=>AS FOTOGRAFIAS DA FAMÍLIA JOAQUINA BERNARDA DO POMPÉU FORAM REUNIDAS POR CURIOLANDO PINTO RIBEIRO, UTILIZADAS PARA ILUSTRAR A OBRA DELE - "DONA JOAQUINA DO POMPÉU - 1956"=>A IDENTIFICAÇÃO DA FOTO TEVE A COLABORAÇÃO DO PESQUISADOR LICÍNIO DE SOUSA E SILVA FILHO EM 21/07/2010., Descritores: 
2024-11-28 20:25:47,358 - INFO - Imagem baixada: fotos_pitangui/32701.jpg
2024-11-28 20:25:49,975 - INFO - URL da imagem encontrada: http://www.siaapm.cultura.mg.gov.br/acervo/fotografico/FJBP-1-10.53/32700.jpg
2024-11-28 20:25:49,975 - INFO - Título: , Descrição: , Referências: , Notação: FJBP-1-2-003, Autor: WESSEL, Local: PITANGUI (MG), Data: 1940 - 1950 - Data provável, Cor: Preto e branco, Dimensão: 8,5x 13,5 cm, Notas: ANOTAÇÕES: " WESSEL" PITANGUI (VERSO)=>AS FOTOGRAFIAS DA FAMÍLIA JOAQUINA BERNARDA DO POMPÉU FORAM REUNIDAS POR CURIOLANDO PINTO RIBEIRO, UTILIZADAS PARA ILUSTRAR A OBRA DELE - "DONA JOAQUINA DO POMPÉU - 1956"=>A IDENTIFICAÇÃO DA FOTO TEVE A COLABORAÇÃO DO PESQUISADOR LICÍNIO DE SOUSA E SILVA FILHO EM 21/07/2010., Descritores: 
2024-11-28 20:25:50,079 - INFO - Imagem baixada: fotos_pitangui/32700.jpg
2024-11-28 20:25:52,523 - INFO - URL da imagem encontrada: http://www.siaapm.cultura.mg.gov.br/acervo/fotografico/NC-13.21/30057.jpg
2024-11-28 20:25:52,523 - INFO - Título: , Descrição: , Referências: , Notação: NCS-131, Autor: SEM AUTORIA, Local: PITANGUI (MG), Data: 1900 - 1910 - Data provável, Cor: Preto e branco, Dimensão: 12,4 x 16,7 cm, Notas: DIMENSÃO DA MOLDURA:  17,4 x 22,3 cmCARIMBO: "INSTITUTO HISTÓRICO E GEOGRÁFICO DE MINAS GERAIS"  ANOTAÇÕES:  "RUA MUNICIPAL PITANGUY""AO SR. GROSCO FCª RUA DA ASSEMBLÉIA 24. DR. RODOLPHO JACOB.", Descritores: VIA PÚBLICARUA MUNICIPAL (PITANGUI, MG)PESSOAESTABELECIMENTO COMERCIAL
2024-11-28 20:25:52,617 - INFO - Imagem baixada: fotos_pitangui/30057.jpg
2024-11-28 20:25:57,186 - INFO - URL da imagem encontrada: http://www.siaapm.cultura.mg.gov.br/acervo/fotografico/NC-13.21/30055.jpg
2024-11-28 20:25:57,186 - INFO - Título: , Descrição: , Referências: , Notação: NCS-129, Autor: JOSÉ FERREIRA MACHADO, Local: PITANGUI (MG), Data: 1900 - 1910 - Data provável, Cor: Preto e branco, Dimensão: 9,9 x 15,0 cm, Notas: DIMENSÃO DA MOLDURA:  17,0 x 23,0 cmCARIMBO: "INSTITUTO HISTÓRICO E GEOGRÁFICO DE MINAS GERAIS"  ANOTAÇÕES:  "O RIO PARÁ, SOB A "PONTE DR. JOSÉ GONÇALVES", NA ESTAÇÃO MARTINHO CAMPOS (OESTE DE MINAS), MUN. DE PITANGUY. PONTE DR. JOSÉ GONÇALVES SOBRE O RIO PARÁ EM MARTINHO CAMPOS, RECENTEMENTE CONSTRUÍDA SOB A FISCALIZAÇÃO DO COMPETENTE CONDUCTOR DE OBRAS DO ESTADO, ALBERTO CARNEIRO"=>PUBLICADA EM: SENNA, NELSON COELHO DE. A HULHA BRANCA EM MINAS GERAIS. BELO HORIZONTE: IMPRENSA OFICIAL, 1814. PÁG. XXXV., Descritores: PONTE JOSÉ GONÇALVES (PITANGUI, MG)RIO PARA (PITANGUI, MG) FERROVIA
2024-11-28 20:25:57,267 - INFO - Imagem baixada: fotos_pitangui/30055.jpg
2024-11-28 20:25:59,795 - INFO - URL da imagem encontrada: http://www.siaapm.cultura.mg.gov.br/acervo/fotografico/M-12.21/29648.jpg
2024-11-28 20:25:59,795 - INFO - Título: , Descrição: , Referências: , Notação: MM-247(04), Autor: F. ROCHA, Local: PITANGUI (MG), Data: Sem data, Cor: Preto e branco, Dimensão: 17,0  X  23,0 cm, Notas: FOTO INSERIDA NO DOSSIÊ: [ASPECTO DE PITANGUI], Descritores: VIA PÚBLICACASA (PITANGUI, MG)
2024-11-28 20:25:59,855 - INFO - Imagem baixada: fotos_pitangui/29648.jpg
2024-11-28 20:26:03,569 - INFO - URL da imagem encontrada: http://www.siaapm.cultura.mg.gov.br/acervo/fotografico/NC-13.21/30056.jpg
2024-11-28 20:26:03,569 - INFO - Título: , Descrição: , Referências: , Notação: NCS-130, Autor: SEM AUTORIA, Local: PITANGUI (MG), Data: 1900 - 1910 - Data provável, Cor: Preto e branco, Dimensão: 13,2 x 15,0 cm, Notas: DIMENSÃO DA MOLDURA:  21,6 x 27,7 cmCARIMBO: "INSTITUTO HISTÓRICO E GEOGRÁFICO DE MINAS GERAIS"  ANOTAÇÃO:  "CIDADE PITANGUY. M. GROSCO Mª RUA DA ASSEMBLÉIA 24. DR. RODOLPHO JACOB.", Descritores: ESTABELECIMENTO COMERCIALVASCONCELOS E CARVALHO (PITANGUI, MG)ARMAZÉM DE FAZENDAS FERRAGENS ARMARINHOSPESSOA
2024-11-28 20:26:03,637 - INFO - Imagem baixada: fotos_pitangui/30056.jpg
2024-11-28 20:26:06,034 - INFO - URL da imagem encontrada: http://www.siaapm.cultura.mg.gov.br/acervo/fotografico/M-12.21/29645.jpg
2024-11-28 20:26:06,034 - INFO - Título: , Descrição: , Referências: , Notação: MM-247(01), Autor: F. ROCHA, Local: PITANGUI (MG), Data: 1908, Cor: Preto e branco, Dimensão: 11,5  X  17,9 cm, Notas: FOTO INSERIDA NO DOSSIÊ: [ASPECTO DE PITANGUI]ANOTAÇÕES: "PHOT. AMADOR F. ROCHA 908", Descritores: ESTAÇÃO FERROVIÁRIA (PITANGUI, MG)FERROVIACASASERRA
2024-11-28 20:26:06,105 - INFO - Imagem baixada: fotos_pitangui/29645.jpg
2024-11-28 20:26:08,499 - INFO - URL da imagem encontrada: http://www.siaapm.cultura.mg.gov.br/acervo/fotografico/M-12.21/29649.jpg
2024-11-28 20:26:08,499 - INFO - Título: , Descrição: , Referências: , Notação: MM-247(05), Autor: F. ROCHA, Local: PITANGUI (MG), Data: Sem data, Cor: Preto e branco, Dimensão: 17,0  X  23,0 cm, Notas: FOTO INSERIDA NO DOSSIÊ: [ASPECTO DE PITANGUI], Descritores: CASAIGREJA (PITANGUI, MG)SERRA
2024-11-28 20:26:08,551 - INFO - Imagem baixada: fotos_pitangui/29649.jpg
2024-11-28 20:26:11,060 - INFO - URL da imagem encontrada: http://www.siaapm.cultura.mg.gov.br/acervo/fotografico/M-12.21/29655.jpg
2024-11-28 20:26:11,060 - INFO - Título: , Descrição: , Referências: , Notação: MM-250(02), Autor: M. C.  JAAFAR, Local: PITANGUI (MG), Data: Sem data, Cor: Preto e branco, Dimensão: 17,3  X  22,9 cm, Notas: FOTO INSERIDA NO DOSSIÊ: [FACHADA DE EDIFÍCIO]DIMENSÃO DA MOLDURA: 27,5 x 32,7cmCARIMBO: "PHOTOGRAPHO M. C. JAAFAR - PITANGUI - MINAS."ANOTAÇÕES: "IMPORTANTE! PARA A BOA CONSERVAÇÃO DOS RETRATOS A 'PHOTOGRAFIA JAAFAR' ACONSELHA: COLOCAR O RETRATO EM QUADRO QUE FIQUE BEM RESGUARDADO, NÃO APANHANDO PÓ, VENTO, CALOR DE SOL OU DE LÂMPADAS, SUOR DOS DEDOS, SAL DE COSINHA E OUTROS, ACIDO, GAZ, FUMAÇA DE GAZ OU DE LENHA, PERFUMES E DROGAS EM GERAL. NÃO TOCAREM OS DEDOS SOBRE A IMAGEM. SE RESPEITAREM TODAS ESTAS CONDIÇÕES, TERÃO AS SUAS PHOTOGRAPHIAS PERFEITAS POR UM SÉCULO."=>A IDENTIFICAÇÃO DA FOTO TEVE A COLABORAÇÃO DO PESQUISADOR LICÍNIO DE SOUSA E SILVA FILHO EM 21/07/2010., Descritores: PREDIO (PITANGUI, MG)VIA PÚBLICAPESSOA
2024-11-28 20:26:11,112 - INFO - Imagem baixada: fotos_pitangui/29655.jpg
2024-11-28 20:26:13,779 - INFO - URL da imagem encontrada: http://www.siaapm.cultura.mg.gov.br/acervo/fotografico/M-12.21/29654.jpg
2024-11-28 20:26:13,779 - INFO - Título: , Descrição: , Referências: , Notação: MM-250(01), Autor: M. C.  JAAFAR, Local: PITANGUI (MG), Data: Sem data, Cor: Preto e branco, Dimensão: 16,9  X  22,5 cm, Notas: FOTO INSERIDA NO DOSSIÊ: [FACHADA DE EDIFÍCIO]DIMENSÃO DA MOLDURA: 27,5 x 32,7cmCARIMBO: "PHOTOGRAPHO M. C. JAAFAR - PITANGUI - MINAS."ANOTAÇÕES: "IMPORTANTE! PARA A BOA CONSERVAÇÃO DOS RETRATOS A 'PHOTOGRAFIA JAAFAR' ACONSELHA: COLOCAR O RETRATO EM QUADRO QUE FIQUE BEM RESGUARDADO, NÃO APANHANDO PÓ, VENTO, CALOR DE SOL OU DE LÂMPADAS, SUOR DOS DEDOS, SAL DE COSINHA E OUTROS, ACIDO, GAZ, FUMAÇA DE GAZ OU DE LENHA, PERFUMES E DROGAS EM GERAL. NÃO TOCAREM OS DEDOS SOBRE A IMAGEM. SE RESPEITAREM TODAS ESTAS CONDIÇÕES, TERÃO AS SUAS PHOTOGRAPHIAS PERFEITAS POR UM SÉCULO."=>A IDENTIFICAÇÃO DA FOTO TEVE A COLABORAÇÃO DO PESQUISADOR LICÍNIO DE SOUSA E SILVA FILHO EM 21/07/2010., Descritores: PRÉDIO (PITANGUI, MG)VIA PÚBLICAPESSOA
2024-11-28 20:26:13,845 - INFO - Imagem baixada: fotos_pitangui/29654.jpg
2024-11-28 20:26:16,370 - INFO - URL da imagem encontrada: http://www.siaapm.cultura.mg.gov.br/acervo/fotografico/M-12.21/29646.jpg
2024-11-28 20:26:16,370 - INFO - Título: , Descrição: , Referências: , Notação: MM-247(02), Autor: F. ROCHA, Local: PITANGUI (MG), Data: Sem data, Cor: Preto e branco, Dimensão: 17,0  X  22,9 cm, Notas: FOTO INSERIDA NO DOSSIÊ: [ASPECTO DE PITANGUI]ANOTAÇÕES: "[REFORMA DE PRAÇA EM PITANGUI]"=>A IDENTIFICAÇÃO DA FOTO TEVE A COLABORAÇÃO DO PESQUISADOR LICÍNIO DE SOUSA E SILVA FILHO EM 21/07/2010., Descritores: VIA PÚBLICAFONTE / CHAFARIZCASA (PITANGUI, MG)
2024-11-28 20:26:16,434 - INFO - Imagem baixada: fotos_pitangui/29646.jpg
2024-11-28 20:26:18,846 - INFO - URL da imagem encontrada: http://www.siaapm.cultura.mg.gov.br/acervo/fotografico/M-12.21/29647.jpg
2024-11-28 20:26:18,846 - INFO - Título: , Descrição: , Referências: , Notação: MM-247(03), Autor: F. ROCHA, Local: PITANGUI (MG), Data: Sem data, Cor: Preto e branco, Dimensão: 17,0  X  22,9 cm, Notas: FOTO INSERIDA NO DOSSIÊ: [ASPECTO DE PITANGUI]=>PRAÇA GETÚLIO VARGAS - IGREJA MATRIZ NOSSA SENHORA DO PILAR  - CHAFARIZ DE 1835 "VIVA A CONSTITUIÇÃO"., Descritores: VIA PÚBLICAPRAÇAPESSOATRABALHADORCASA (PITANGUI, MG)
2024-11-28 20:26:18,898 - INFO - Imagem baixada: fotos_pitangui/29647.jpg
2024-11-28 20:26:19,022 - INFO - Processo concluído. 20 fotos encontradas e salvas.
2024-11-28 20:42:33,116 - INFO - URL da imagem encontrada: http://www.siaapm.cultura.mg.gov.br/acervo/fotografico/IPS/63080.jpg
2024-11-28 20:42:33,117 - INFO - Título: , Descrição: , Referências: , Notação: IPS-3-1-036(43), Autor: SECRETARIA DE ESTADO DA AGRICULTURA, Local: PITANGUI (MG), Data: 1937, Cor: Preto e branco, Dimensão: 25,0 X 17,5 CM, Notas: "COMPÕE ÁLBUM "SECRETARIA DE AGRICULTURA - SERVIÇO...", Descritores: PLANTAÇÕES - ALGODÃO
2024-11-28 20:42:33,209 - INFO - Imagem baixada: fotos_pitangui/63080.jpg
2024-11-28 20:42:35,660 - INFO - URL da imagem encontrada: http://www.siaapm.cultura.mg.gov.br/acervo/fotografico/IPS/63085.jpg
2024-11-28 20:42:35,660 - INFO - Título: , Descrição: , Referências: , Notação: IPS-3-1-036(48), Autor: SECRETARIA DE ESTADO DA AGRICULTURA, Local: PITANGUI (MG), Data: 1937 - 9999, Cor: Preto e branco, Dimensão: 25,5 X 18,0 CM, Notas: COMPÕE ÁLBUM "SECRETARIA DE AGRICULTURA - SERVIÇO DE FOMENTO DO ALGODÃO...", Descritores: CASASMEIOS DE TRANSPORTE - CARROSPRÉDIOS PÚBLICOS
2024-11-28 20:42:35,705 - INFO - Imagem baixada: fotos_pitangui/63085.jpg
2024-11-28 20:42:38,207 - INFO - URL da imagem encontrada: http://www.siaapm.cultura.mg.gov.br/acervo/fotografico/IPS/63078.jpg
2024-11-28 20:42:38,207 - INFO - Título: , Descrição: , Referências: , Notação: IPS-3-1-036(41), Autor: SECRETARIA DE ESTADO DA AGRICULTURA, Local: PITANGUI (MG), Data: 1937 - 9999, Cor: Preto e branco, Dimensão: 25,0 X 17,5 CM, Notas: COMPÕE ÁLBUM "SECRETARIA DE AGRICULTURA - SERVIÇO DE FOMENTO DO ALGODÃO...", Descritores: PLANTAÇÕES - ALGODÃO
2024-11-28 20:42:38,255 - INFO - Imagem baixada: fotos_pitangui/63078.jpg
2024-11-28 20:42:40,691 - INFO - URL da imagem encontrada: http://www.siaapm.cultura.mg.gov.br/acervo/fotografico/IPS/63079.jpg
2024-11-28 20:42:40,691 - INFO - Título: , Descrição: , Referências: , Notação: IPS-3-1-036(42), Autor: SECRETARIA DE ESTADO DA AGRICULTURA, Local: PITANGUI (MG), Data: 1937 - 9999, Cor: Preto e branco, Dimensão: 26,0 X 18,0 CM, Notas: COMPÕE ÁLBUM "SECRETARIA DE AGRICULTURA - SERVIÇO DE FOMENTO DO ALGODÃO...", Descritores: PLANTAÇÕES - ALGODÃO
2024-11-28 20:42:40,741 - INFO - Imagem baixada: fotos_pitangui/63079.jpg
2024-11-28 20:42:43,199 - INFO - URL da imagem encontrada: http://www.siaapm.cultura.mg.gov.br/acervo/fotografico/IPS/63074.jpg
2024-11-28 20:42:43,199 - INFO - Título: , Descrição: , Referências: , Notação: IPS-3-1-036(37), Autor: SECRETARIA DE ESTADO DA AGRICULTURA, Local: PITANGUI (MG), Data: 1937 - 9999, Cor: Preto e branco, Dimensão: 25,5 X 17,0 CM, Notas: COMPÕE ÁLBUM "SECRETARIA DE AGRICULTURA - SERVIÇO DE FOMENTO DO ALGODÃO...", Descritores: PLANTAÇÕES - ALGODÃOTRABALHADORES
2024-11-28 20:42:43,252 - INFO - Imagem baixada: fotos_pitangui/63074.jpg
2024-11-28 20:42:45,683 - INFO - URL da imagem encontrada: http://www.siaapm.cultura.mg.gov.br/acervo/fotografico/IPS/63082.jpg
2024-11-28 20:42:45,683 - INFO - Título: , Descrição: , Referências: , Notação: IPS-3-1-036(45), Autor: SECRETARIA DE ESTADO DA AGRICULTURA, Local: PITANGUI (MG), Data: 1937, Cor: Preto e branco, Dimensão: 25,5 X 18,5 CM, Notas: COMPÕE ÁLBUM "SECRETARIA DE AGRICULTURA - SERVIÇO DE FOMENTO DO ALGODÃO...", Descritores: PLANTAÇÕES - ALGODÃO
2024-11-28 20:42:45,740 - INFO - Imagem baixada: fotos_pitangui/63082.jpg
2024-11-28 20:42:48,343 - INFO - URL da imagem encontrada: http://www.siaapm.cultura.mg.gov.br/acervo/fotografico/IPS/61638.jpg
2024-11-28 20:42:48,343 - INFO - Título: , Descrição: , Referências: , Notação: IPS-1-3-030, Autor: SEM AUTORIA, Local: PITANGUI (MG), Data: 1925 - 1929 - Data aproximada, Cor: Preto e branco, Dimensão: 10 X 6 CM, Notas: =>FAMÍLIA PINHEIRO, Descritores: IGREJAS - IGREJA MATRIZ DE NOSSA SENHORA DO PILARPESSOASRUTH PINHEIRO DA SILVA
2024-11-28 20:42:48,410 - INFO - Imagem baixada: fotos_pitangui/61638.jpg
2024-11-28 20:42:50,930 - INFO - URL da imagem encontrada: http://www.siaapm.cultura.mg.gov.br/acervo/fotografico/FJBP-1-10.53/32703.jpg
2024-11-28 20:42:50,930 - INFO - Título: , Descrição: , Referências: , Notação: FJBP-1-2-006, Autor: SEM AUTORIA, Local: PITANGUI (MG), Data: 1950 - 1960 - Data provável, Cor: Preto e branco, Dimensão: 8,7 x 13,8 cm, Notas: ANOTAÇÕES: "PITANGUÍ" (VERSO)=>AS FOTOGRAFIAS DA FAMÍLIA JOAQUINA BERNARDA DO POMPÉU FORAM REUNIDAS POR CURIOLANDO PINTO RIBEIRO, UTILIZADAS PARA ILUSTRAR A OBRA DELE - "DONA JOAQUINA DO POMPÉU - 1956"=>A IDENTIFICAÇÃO DA FOTO TEVE A COLABORAÇÃO DO PESQUISADOR LICÍNIO DE SOUSA E SILVA FILHO EM 21/07/2010., Descritores: 
2024-11-28 20:42:51,007 - INFO - Imagem baixada: fotos_pitangui/32703.jpg
2024-11-28 20:42:53,413 - INFO - URL da imagem encontrada: http://www.siaapm.cultura.mg.gov.br/acervo/fotografico/FJBP-1-10.53/32701.jpg
2024-11-28 20:42:53,413 - INFO - Título: , Descrição: , Referências: , Notação: FJBP-1-2-004, Autor: SEM AUTORIA, Local: PITANGUI (MG), Data: 1940 - 1950 - Data provável, Cor: Preto e branco, Dimensão: 8,5 x 13,5 cm, Notas: =ANOTAÇÕES: "JARDIM PÚBLICO DE PITANGUÍ" (VERSO)=>AS FOTOGRAFIAS DA FAMÍLIA JOAQUINA BERNARDA DO POMPÉU FORAM REUNIDAS POR CURIOLANDO PINTO RIBEIRO, UTILIZADAS PARA ILUSTRAR A OBRA DELE - "DONA JOAQUINA DO POMPÉU - 1956"=>A IDENTIFICAÇÃO DA FOTO TEVE A COLABORAÇÃO DO PESQUISADOR LICÍNIO DE SOUSA E SILVA FILHO EM 21/07/2010., Descritores: 
2024-11-28 20:42:53,467 - INFO - Imagem baixada: fotos_pitangui/32701.jpg
2024-11-28 20:42:55,930 - INFO - URL da imagem encontrada: http://www.siaapm.cultura.mg.gov.br/acervo/fotografico/FJBP-1-10.53/32700.jpg
2024-11-28 20:42:55,930 - INFO - Título: , Descrição: , Referências: , Notação: FJBP-1-2-003, Autor: WESSEL, Local: PITANGUI (MG), Data: 1940 - 1950 - Data provável, Cor: Preto e branco, Dimensão: 8,5x 13,5 cm, Notas: ANOTAÇÕES: " WESSEL" PITANGUI (VERSO)=>AS FOTOGRAFIAS DA FAMÍLIA JOAQUINA BERNARDA DO POMPÉU FORAM REUNIDAS POR CURIOLANDO PINTO RIBEIRO, UTILIZADAS PARA ILUSTRAR A OBRA DELE - "DONA JOAQUINA DO POMPÉU - 1956"=>A IDENTIFICAÇÃO DA FOTO TEVE A COLABORAÇÃO DO PESQUISADOR LICÍNIO DE SOUSA E SILVA FILHO EM 21/07/2010., Descritores: 
2024-11-28 20:42:56,004 - INFO - Imagem baixada: fotos_pitangui/32700.jpg
2024-11-28 20:42:58,477 - INFO - URL da imagem encontrada: http://www.siaapm.cultura.mg.gov.br/acervo/fotografico/NC-13.21/30057.jpg
2024-11-28 20:42:58,477 - INFO - Título: , Descrição: , Referências: , Notação: NCS-131, Autor: SEM AUTORIA, Local: PITANGUI (MG), Data: 1900 - 1910 - Data provável, Cor: Preto e branco, Dimensão: 12,4 x 16,7 cm, Notas: DIMENSÃO DA MOLDURA:  17,4 x 22,3 cmCARIMBO: "INSTITUTO HISTÓRICO E GEOGRÁFICO DE MINAS GERAIS"  ANOTAÇÕES:  "RUA MUNICIPAL PITANGUY""AO SR. GROSCO FCª RUA DA ASSEMBLÉIA 24. DR. RODOLPHO JACOB.", Descritores: VIA PÚBLICARUA MUNICIPAL (PITANGUI, MG)PESSOAESTABELECIMENTO COMERCIAL
2024-11-28 20:42:58,538 - INFO - Imagem baixada: fotos_pitangui/30057.jpg
2024-11-28 20:43:01,040 - INFO - URL da imagem encontrada: http://www.siaapm.cultura.mg.gov.br/acervo/fotografico/NC-13.21/30055.jpg
2024-11-28 20:43:01,040 - INFO - Título: , Descrição: , Referências: , Notação: NCS-129, Autor: JOSÉ FERREIRA MACHADO, Local: PITANGUI (MG), Data: 1900 - 1910 - Data provável, Cor: Preto e branco, Dimensão: 9,9 x 15,0 cm, Notas: DIMENSÃO DA MOLDURA:  17,0 x 23,0 cmCARIMBO: "INSTITUTO HISTÓRICO E GEOGRÁFICO DE MINAS GERAIS"  ANOTAÇÕES:  "O RIO PARÁ, SOB A "PONTE DR. JOSÉ GONÇALVES", NA ESTAÇÃO MARTINHO CAMPOS (OESTE DE MINAS), MUN. DE PITANGUY. PONTE DR. JOSÉ GONÇALVES SOBRE O RIO PARÁ EM MARTINHO CAMPOS, RECENTEMENTE CONSTRUÍDA SOB A FISCALIZAÇÃO DO COMPETENTE CONDUCTOR DE OBRAS DO ESTADO, ALBERTO CARNEIRO"=>PUBLICADA EM: SENNA, NELSON COELHO DE. A HULHA BRANCA EM MINAS GERAIS. BELO HORIZONTE: IMPRENSA OFICIAL, 1814. PÁG. XXXV., Descritores: PONTE JOSÉ GONÇALVES (PITANGUI, MG)RIO PARA (PITANGUI, MG) FERROVIA
2024-11-28 20:43:01,104 - INFO - Imagem baixada: fotos_pitangui/30055.jpg
2024-11-28 20:43:03,601 - INFO - URL da imagem encontrada: http://www.siaapm.cultura.mg.gov.br/acervo/fotografico/M-12.21/29648.jpg
2024-11-28 20:43:03,601 - INFO - Título: , Descrição: , Referências: , Notação: MM-247(04), Autor: F. ROCHA, Local: PITANGUI (MG), Data: Sem data, Cor: Preto e branco, Dimensão: 17,0  X  23,0 cm, Notas: FOTO INSERIDA NO DOSSIÊ: [ASPECTO DE PITANGUI], Descritores: VIA PÚBLICACASA (PITANGUI, MG)
2024-11-28 20:43:03,657 - INFO - Imagem baixada: fotos_pitangui/29648.jpg
2024-11-28 20:43:06,166 - INFO - URL da imagem encontrada: http://www.siaapm.cultura.mg.gov.br/acervo/fotografico/NC-13.21/30056.jpg
2024-11-28 20:43:06,166 - INFO - Título: , Descrição: , Referências: , Notação: NCS-130, Autor: SEM AUTORIA, Local: PITANGUI (MG), Data: 1900 - 1910 - Data provável, Cor: Preto e branco, Dimensão: 13,2 x 15,0 cm, Notas: DIMENSÃO DA MOLDURA:  21,6 x 27,7 cmCARIMBO: "INSTITUTO HISTÓRICO E GEOGRÁFICO DE MINAS GERAIS"  ANOTAÇÃO:  "CIDADE PITANGUY. M. GROSCO Mª RUA DA ASSEMBLÉIA 24. DR. RODOLPHO JACOB.", Descritores: ESTABELECIMENTO COMERCIALVASCONCELOS E CARVALHO (PITANGUI, MG)ARMAZÉM DE FAZENDAS FERRAGENS ARMARINHOSPESSOA
2024-11-28 20:43:06,244 - INFO - Imagem baixada: fotos_pitangui/30056.jpg
2024-11-28 20:43:08,828 - INFO - URL da imagem encontrada: http://www.siaapm.cultura.mg.gov.br/acervo/fotografico/M-12.21/29645.jpg
2024-11-28 20:43:08,828 - INFO - Título: , Descrição: , Referências: , Notação: MM-247(01), Autor: F. ROCHA, Local: PITANGUI (MG), Data: 1908, Cor: Preto e branco, Dimensão: 11,5  X  17,9 cm, Notas: FOTO INSERIDA NO DOSSIÊ: [ASPECTO DE PITANGUI]ANOTAÇÕES: "PHOT. AMADOR F. ROCHA 908", Descritores: ESTAÇÃO FERROVIÁRIA (PITANGUI, MG)FERROVIACASASERRA
2024-11-28 20:43:08,883 - INFO - Imagem baixada: fotos_pitangui/29645.jpg
2024-11-28 20:43:11,324 - INFO - URL da imagem encontrada: http://www.siaapm.cultura.mg.gov.br/acervo/fotografico/M-12.21/29649.jpg
2024-11-28 20:43:11,324 - INFO - Título: , Descrição: , Referências: , Notação: MM-247(05), Autor: F. ROCHA, Local: PITANGUI (MG), Data: Sem data, Cor: Preto e branco, Dimensão: 17,0  X  23,0 cm, Notas: FOTO INSERIDA NO DOSSIÊ: [ASPECTO DE PITANGUI], Descritores: CASAIGREJA (PITANGUI, MG)SERRA
2024-11-28 20:43:11,379 - INFO - Imagem baixada: fotos_pitangui/29649.jpg
2024-11-28 20:43:13,840 - INFO - URL da imagem encontrada: http://www.siaapm.cultura.mg.gov.br/acervo/fotografico/M-12.21/29655.jpg
2024-11-28 20:43:13,840 - INFO - Título: , Descrição: , Referências: , Notação: MM-250(02), Autor: M. C.  JAAFAR, Local: PITANGUI (MG), Data: Sem data, Cor: Preto e branco, Dimensão: 17,3  X  22,9 cm, Notas: FOTO INSERIDA NO DOSSIÊ: [FACHADA DE EDIFÍCIO]DIMENSÃO DA MOLDURA: 27,5 x 32,7cmCARIMBO: "PHOTOGRAPHO M. C. JAAFAR - PITANGUI - MINAS."ANOTAÇÕES: "IMPORTANTE! PARA A BOA CONSERVAÇÃO DOS RETRATOS A 'PHOTOGRAFIA JAAFAR' ACONSELHA: COLOCAR O RETRATO EM QUADRO QUE FIQUE BEM RESGUARDADO, NÃO APANHANDO PÓ, VENTO, CALOR DE SOL OU DE LÂMPADAS, SUOR DOS DEDOS, SAL DE COSINHA E OUTROS, ACIDO, GAZ, FUMAÇA DE GAZ OU DE LENHA, PERFUMES E DROGAS EM GERAL. NÃO TOCAREM OS DEDOS SOBRE A IMAGEM. SE RESPEITAREM TODAS ESTAS CONDIÇÕES, TERÃO AS SUAS PHOTOGRAPHIAS PERFEITAS POR UM SÉCULO."=>A IDENTIFICAÇÃO DA FOTO TEVE A COLABORAÇÃO DO PESQUISADOR LICÍNIO DE SOUSA E SILVA FILHO EM 21/07/2010., Descritores: PREDIO (PITANGUI, MG)VIA PÚBLICAPESSOA
2024-11-28 20:43:13,909 - INFO - Imagem baixada: fotos_pitangui/29655.jpg
2024-11-28 20:43:16,419 - INFO - URL da imagem encontrada: http://www.siaapm.cultura.mg.gov.br/acervo/fotografico/M-12.21/29654.jpg
2024-11-28 20:43:16,420 - INFO - Título: , Descrição: , Referências: , Notação: MM-250(01), Autor: M. C.  JAAFAR, Local: PITANGUI (MG), Data: Sem data, Cor: Preto e branco, Dimensão: 16,9  X  22,5 cm, Notas: FOTO INSERIDA NO DOSSIÊ: [FACHADA DE EDIFÍCIO]DIMENSÃO DA MOLDURA: 27,5 x 32,7cmCARIMBO: "PHOTOGRAPHO M. C. JAAFAR - PITANGUI - MINAS."ANOTAÇÕES: "IMPORTANTE! PARA A BOA CONSERVAÇÃO DOS RETRATOS A 'PHOTOGRAFIA JAAFAR' ACONSELHA: COLOCAR O RETRATO EM QUADRO QUE FIQUE BEM RESGUARDADO, NÃO APANHANDO PÓ, VENTO, CALOR DE SOL OU DE LÂMPADAS, SUOR DOS DEDOS, SAL DE COSINHA E OUTROS, ACIDO, GAZ, FUMAÇA DE GAZ OU DE LENHA, PERFUMES E DROGAS EM GERAL. NÃO TOCAREM OS DEDOS SOBRE A IMAGEM. SE RESPEITAREM TODAS ESTAS CONDIÇÕES, TERÃO AS SUAS PHOTOGRAPHIAS PERFEITAS POR UM SÉCULO."=>A IDENTIFICAÇÃO DA FOTO TEVE A COLABORAÇÃO DO PESQUISADOR LICÍNIO DE SOUSA E SILVA FILHO EM 21/07/2010., Descritores: PRÉDIO (PITANGUI, MG)VIA PÚBLICAPESSOA
2024-11-28 20:43:16,483 - INFO - Imagem baixada: fotos_pitangui/29654.jpg
2024-11-28 20:43:18,992 - INFO - URL da imagem encontrada: http://www.siaapm.cultura.mg.gov.br/acervo/fotografico/M-12.21/29646.jpg
2024-11-28 20:43:18,992 - INFO - Título: , Descrição: , Referências: , Notação: MM-247(02), Autor: F. ROCHA, Local: PITANGUI (MG), Data: Sem data, Cor: Preto e branco, Dimensão: 17,0  X  22,9 cm, Notas: FOTO INSERIDA NO DOSSIÊ: [ASPECTO DE PITANGUI]ANOTAÇÕES: "[REFORMA DE PRAÇA EM PITANGUI]"=>A IDENTIFICAÇÃO DA FOTO TEVE A COLABORAÇÃO DO PESQUISADOR LICÍNIO DE SOUSA E SILVA FILHO EM 21/07/2010., Descritores: VIA PÚBLICAFONTE / CHAFARIZCASA (PITANGUI, MG)
2024-11-28 20:43:19,073 - INFO - Imagem baixada: fotos_pitangui/29646.jpg
2024-11-28 20:43:21,501 - INFO - URL da imagem encontrada: http://www.siaapm.cultura.mg.gov.br/acervo/fotografico/M-12.21/29647.jpg
2024-11-28 20:43:21,501 - INFO - Título: , Descrição: , Referências: , Notação: MM-247(03), Autor: F. ROCHA, Local: PITANGUI (MG), Data: Sem data, Cor: Preto e branco, Dimensão: 17,0  X  22,9 cm, Notas: FOTO INSERIDA NO DOSSIÊ: [ASPECTO DE PITANGUI]=>PRAÇA GETÚLIO VARGAS - IGREJA MATRIZ NOSSA SENHORA DO PILAR  - CHAFARIZ DE 1835 "VIVA A CONSTITUIÇÃO"., Descritores: VIA PÚBLICAPRAÇAPESSOATRABALHADORCASA (PITANGUI, MG)
2024-11-28 20:43:21,582 - INFO - Imagem baixada: fotos_pitangui/29647.jpg
2024-11-28 20:43:21,720 - INFO - Processo concluído. 20 fotos encontradas e salvas.
2024-11-28 20:45:22,576 - INFO - URL da imagem encontrada: http://www.siaapm.cultura.mg.gov.br/acervo/fotografico/FJBP-1-10.53/32700.jpg
2024-11-28 20:45:22,576 - INFO - Título: , Descrição: , Referências: , Notação: FJBP-1-2-003, Autor: WESSEL, Local: PITANGUI (MG), Data: 1940 - 1950 - Data provável, Cor: Preto e branco, Dimensão: 8,5x 13,5 cm, Notas: ANOTAÇÕES: " WESSEL" PITANGUI (VERSO)=>AS FOTOGRAFIAS DA FAMÍLIA JOAQUINA BERNARDA DO POMPÉU FORAM REUNIDAS POR CURIOLANDO PINTO RIBEIRO, UTILIZADAS PARA ILUSTRAR A OBRA DELE - "DONA JOAQUINA DO POMPÉU - 1956"=>A IDENTIFICAÇÃO DA FOTO TEVE A COLABORAÇÃO DO PESQUISADOR LICÍNIO DE SOUSA E SILVA FILHO EM 21/07/2010., Descritores: 
2024-11-28 20:45:22,656 - INFO - Imagem baixada: fotos_pitangui/32700.jpg
2024-11-28 20:45:24,967 - INFO - URL da imagem encontrada: http://www.siaapm.cultura.mg.gov.br/acervo/fotografico/FJBP-1-10.53/32701.jpg
2024-11-28 20:45:24,967 - INFO - Título: , Descrição: , Referências: , Notação: FJBP-1-2-004, Autor: SEM AUTORIA, Local: PITANGUI (MG), Data: 1940 - 1950 - Data provável, Cor: Preto e branco, Dimensão: 8,5 x 13,5 cm, Notas: =ANOTAÇÕES: "JARDIM PÚBLICO DE PITANGUÍ" (VERSO)=>AS FOTOGRAFIAS DA FAMÍLIA JOAQUINA BERNARDA DO POMPÉU FORAM REUNIDAS POR CURIOLANDO PINTO RIBEIRO, UTILIZADAS PARA ILUSTRAR A OBRA DELE - "DONA JOAQUINA DO POMPÉU - 1956"=>A IDENTIFICAÇÃO DA FOTO TEVE A COLABORAÇÃO DO PESQUISADOR LICÍNIO DE SOUSA E SILVA FILHO EM 21/07/2010., Descritores: 
2024-11-28 20:45:25,035 - INFO - Imagem baixada: fotos_pitangui/32701.jpg
2024-11-28 20:45:29,014 - INFO - URL da imagem encontrada: http://www.siaapm.cultura.mg.gov.br/acervo/fotografico/FJBP-1-10.53/32703.jpg
2024-11-28 20:45:29,014 - INFO - Título: , Descrição: , Referências: , Notação: FJBP-1-2-006, Autor: SEM AUTORIA, Local: PITANGUI (MG), Data: 1950 - 1960 - Data provável, Cor: Preto e branco, Dimensão: 8,7 x 13,8 cm, Notas: ANOTAÇÕES: "PITANGUÍ" (VERSO)=>AS FOTOGRAFIAS DA FAMÍLIA JOAQUINA BERNARDA DO POMPÉU FORAM REUNIDAS POR CURIOLANDO PINTO RIBEIRO, UTILIZADAS PARA ILUSTRAR A OBRA DELE - "DONA JOAQUINA DO POMPÉU - 1956"=>A IDENTIFICAÇÃO DA FOTO TEVE A COLABORAÇÃO DO PESQUISADOR LICÍNIO DE SOUSA E SILVA FILHO EM 21/07/2010., Descritores: 
2024-11-28 20:45:29,093 - INFO - Imagem baixada: fotos_pitangui/32703.jpg
2024-11-28 20:45:31,351 - INFO - URL da imagem encontrada: http://www.siaapm.cultura.mg.gov.br/acervo/fotografico/IPS/61638.jpg
2024-11-28 20:45:31,351 - INFO - Título: , Descrição: , Referências: , Notação: IPS-1-3-030, Autor: SEM AUTORIA, Local: PITANGUI (MG), Data: 1925 - 1929 - Data aproximada, Cor: Preto e branco, Dimensão: 10 X 6 CM, Notas: =>FAMÍLIA PINHEIRO, Descritores: IGREJAS - IGREJA MATRIZ DE NOSSA SENHORA DO PILARPESSOASRUTH PINHEIRO DA SILVA
2024-11-28 20:45:31,419 - INFO - Imagem baixada: fotos_pitangui/61638.jpg
2024-11-28 20:45:33,827 - INFO - URL da imagem encontrada: http://www.siaapm.cultura.mg.gov.br/acervo/fotografico/IPS/63074.jpg
2024-11-28 20:45:33,827 - INFO - Título: , Descrição: , Referências: , Notação: IPS-3-1-036(37), Autor: SECRETARIA DE ESTADO DA AGRICULTURA, Local: PITANGUI (MG), Data: 1937 - 9999, Cor: Preto e branco, Dimensão: 25,5 X 17,0 CM, Notas: COMPÕE ÁLBUM "SECRETARIA DE AGRICULTURA - SERVIÇO DE FOMENTO DO ALGODÃO...", Descritores: PLANTAÇÕES - ALGODÃOTRABALHADORES
2024-11-28 20:45:33,883 - INFO - Imagem baixada: fotos_pitangui/63074.jpg
2024-11-28 20:45:34,038 - INFO - Processo concluído. 5 fotos encontradas e salvas.
2024-11-28 20:46:19,090 - INFO - URL da imagem encontrada: http://www.siaapm.cultura.mg.gov.br/acervo/fotografico/FJBP-1-10.53/32700.jpg
2024-11-28 20:46:19,090 - INFO - Título: , Descrição: , Referências: , Notação: FJBP-1-2-003, Autor: WESSEL, Local: PITANGUI (MG), Data: 1940 - 1950 - Data provável, Cor: Preto e branco, Dimensão: 8,5x 13,5 cm, Notas: ANOTAÇÕES: " WESSEL" PITANGUI (VERSO)=>AS FOTOGRAFIAS DA FAMÍLIA JOAQUINA BERNARDA DO POMPÉU FORAM REUNIDAS POR CURIOLANDO PINTO RIBEIRO, UTILIZADAS PARA ILUSTRAR A OBRA DELE - "DONA JOAQUINA DO POMPÉU - 1956"=>A IDENTIFICAÇÃO DA FOTO TEVE A COLABORAÇÃO DO PESQUISADOR LICÍNIO DE SOUSA E SILVA FILHO EM 21/07/2010., Descritores: 
2024-11-28 20:46:19,165 - INFO - Imagem baixada: fotos_pitangui/32700.jpg
2024-11-28 20:46:21,445 - INFO - URL da imagem encontrada: http://www.siaapm.cultura.mg.gov.br/acervo/fotografico/FJBP-1-10.53/32701.jpg
2024-11-28 20:46:21,445 - INFO - Título: , Descrição: , Referências: , Notação: FJBP-1-2-004, Autor: SEM AUTORIA, Local: PITANGUI (MG), Data: 1940 - 1950 - Data provável, Cor: Preto e branco, Dimensão: 8,5 x 13,5 cm, Notas: =ANOTAÇÕES: "JARDIM PÚBLICO DE PITANGUÍ" (VERSO)=>AS FOTOGRAFIAS DA FAMÍLIA JOAQUINA BERNARDA DO POMPÉU FORAM REUNIDAS POR CURIOLANDO PINTO RIBEIRO, UTILIZADAS PARA ILUSTRAR A OBRA DELE - "DONA JOAQUINA DO POMPÉU - 1956"=>A IDENTIFICAÇÃO DA FOTO TEVE A COLABORAÇÃO DO PESQUISADOR LICÍNIO DE SOUSA E SILVA FILHO EM 21/07/2010., Descritores: 
2024-11-28 20:46:21,501 - INFO - Imagem baixada: fotos_pitangui/32701.jpg
2024-11-28 20:46:23,896 - INFO - URL da imagem encontrada: http://www.siaapm.cultura.mg.gov.br/acervo/fotografico/FJBP-1-10.53/32703.jpg
2024-11-28 20:46:23,896 - INFO - Título: , Descrição: , Referências: , Notação: FJBP-1-2-006, Autor: SEM AUTORIA, Local: PITANGUI (MG), Data: 1950 - 1960 - Data provável, Cor: Preto e branco, Dimensão: 8,7 x 13,8 cm, Notas: ANOTAÇÕES: "PITANGUÍ" (VERSO)=>AS FOTOGRAFIAS DA FAMÍLIA JOAQUINA BERNARDA DO POMPÉU FORAM REUNIDAS POR CURIOLANDO PINTO RIBEIRO, UTILIZADAS PARA ILUSTRAR A OBRA DELE - "DONA JOAQUINA DO POMPÉU - 1956"=>A IDENTIFICAÇÃO DA FOTO TEVE A COLABORAÇÃO DO PESQUISADOR LICÍNIO DE SOUSA E SILVA FILHO EM 21/07/2010., Descritores: 
2024-11-28 20:46:23,986 - INFO - Imagem baixada: fotos_pitangui/32703.jpg
2024-11-28 20:46:26,263 - INFO - URL da imagem encontrada: http://www.siaapm.cultura.mg.gov.br/acervo/fotografico/IPS/61638.jpg
2024-11-28 20:46:26,264 - INFO - Título: , Descrição: , Referências: , Notação: IPS-1-3-030, Autor: SEM AUTORIA, Local: PITANGUI (MG), Data: 1925 - 1929 - Data aproximada, Cor: Preto e branco, Dimensão: 10 X 6 CM, Notas: =>FAMÍLIA PINHEIRO, Descritores: IGREJAS - IGREJA MATRIZ DE NOSSA SENHORA DO PILARPESSOASRUTH PINHEIRO DA SILVA
2024-11-28 20:46:26,329 - INFO - Imagem baixada: fotos_pitangui/61638.jpg
2024-11-28 20:46:28,717 - INFO - URL da imagem encontrada: http://www.siaapm.cultura.mg.gov.br/acervo/fotografico/IPS/63074.jpg
2024-11-28 20:46:28,717 - INFO - Título: , Descrição: , Referências: , Notação: IPS-3-1-036(37), Autor: SECRETARIA DE ESTADO DA AGRICULTURA, Local: PITANGUI (MG), Data: 1937 - 9999, Cor: Preto e branco, Dimensão: 25,5 X 17,0 CM, Notas: COMPÕE ÁLBUM "SECRETARIA DE AGRICULTURA - SERVIÇO DE FOMENTO DO ALGODÃO...", Descritores: PLANTAÇÕES - ALGODÃOTRABALHADORES
2024-11-28 20:46:28,767 - INFO - Imagem baixada: fotos_pitangui/63074.jpg
2024-11-28 20:46:28,998 - INFO - Processo concluído. 5 fotos encontradas e salvas.
2024-11-28 20:46:59,961 - ERROR - Erro ao processar página: Message: 
Stacktrace:
0   chromedriver                        0x000000010103fac4 cxxbridge1$str$ptr + 3651580
1   chromedriver                        0x0000000101038314 cxxbridge1$str$ptr + 3620940
2   chromedriver                        0x0000000100aa04b4 cxxbridge1$string$len + 89224
3   chromedriver                        0x0000000100ae4898 cxxbridge1$string$len + 368748
4   chromedriver                        0x0000000100b1e0fc cxxbridge1$string$len + 604368
5   chromedriver                        0x0000000100ad90b0 cxxbridge1$string$len + 321668
6   chromedriver                        0x0000000100ad9d00 cxxbridge1$string$len + 324820
7   chromedriver                        0x000000010100ae08 cxxbridge1$str$ptr + 3435328
8   chromedriver                        0x000000010100e120 cxxbridge1$str$ptr + 3448408
9   chromedriver                        0x0000000100ff217c cxxbridge1$str$ptr + 3333812
10  chromedriver                        0x000000010100e9e0 cxxbridge1$str$ptr + 3450648
11  chromedriver                        0x0000000100fe3988 cxxbridge1$str$ptr + 3274432
12  chromedriver                        0x00000001010290f4 cxxbridge1$str$ptr + 3558956
13  chromedriver                        0x0000000101029270 cxxbridge1$str$ptr + 3559336
14  chromedriver                        0x0000000101037f88 cxxbridge1$str$ptr + 3620032
15  libsystem_pthread.dylib             0x0000000187d7b2e4 _pthread_start + 136
16  libsystem_pthread.dylib             0x0000000187d760fc thread_start + 8

2024-11-28 20:47:00,067 - INFO - Processo concluído. 0 fotos encontradas e salvas.
2024-11-28 20:47:43,985 - ERROR - Erro ao processar página: Message: 
Stacktrace:
0   chromedriver                        0x0000000102977ac4 cxxbridge1$str$ptr + 3651580
1   chromedriver                        0x0000000102970314 cxxbridge1$str$ptr + 3620940
2   chromedriver                        0x00000001023d84b4 cxxbridge1$string$len + 89224
3   chromedriver                        0x000000010241c898 cxxbridge1$string$len + 368748
4   chromedriver                        0x00000001024560fc cxxbridge1$string$len + 604368
5   chromedriver                        0x00000001024110b0 cxxbridge1$string$len + 321668
6   chromedriver                        0x0000000102411d00 cxxbridge1$string$len + 324820
7   chromedriver                        0x0000000102942e08 cxxbridge1$str$ptr + 3435328
8   chromedriver                        0x0000000102946120 cxxbridge1$str$ptr + 3448408
9   chromedriver                        0x000000010292a17c cxxbridge1$str$ptr + 3333812
10  chromedriver                        0x00000001029469e0 cxxbridge1$str$ptr + 3450648
11  chromedriver                        0x000000010291b988 cxxbridge1$str$ptr + 3274432
12  chromedriver                        0x00000001029610f4 cxxbridge1$str$ptr + 3558956
13  chromedriver                        0x0000000102961270 cxxbridge1$str$ptr + 3559336
14  chromedriver                        0x000000010296ff88 cxxbridge1$str$ptr + 3620032
15  libsystem_pthread.dylib             0x0000000187d7b2e4 _pthread_start + 136
16  libsystem_pthread.dylib             0x0000000187d760fc thread_start + 8

2024-11-28 20:47:44,083 - INFO - Processo concluído. 0 fotos encontradas e salvas.
